[2022-06-04 13:47:53,151] {taskinstance.py:1160} INFO - Dependencies all met for <TaskInstance: parallel_dag.task_1 scheduled__2022-06-03T00:00:00+00:00 [queued]>
[2022-06-04 13:47:53,159] {taskinstance.py:1160} INFO - Dependencies all met for <TaskInstance: parallel_dag.task_1 scheduled__2022-06-03T00:00:00+00:00 [queued]>
[2022-06-04 13:47:53,159] {taskinstance.py:1357} INFO - 
--------------------------------------------------------------------------------
[2022-06-04 13:47:53,159] {taskinstance.py:1358} INFO - Starting attempt 1 of 1
[2022-06-04 13:47:53,160] {taskinstance.py:1359} INFO - 
--------------------------------------------------------------------------------
[2022-06-04 13:47:53,208] {taskinstance.py:1378} INFO - Executing <Task(BashOperator): task_1> on 2022-06-03 00:00:00+00:00
[2022-06-04 13:47:53,211] {standard_task_runner.py:52} INFO - Started process 5449 to run task
[2022-06-04 13:47:53,221] {standard_task_runner.py:79} INFO - Running: ['airflow', 'tasks', 'run', 'parallel_dag', 'task_1', 'scheduled__2022-06-03T00:00:00+00:00', '--job-id', '8', '--raw', '--subdir', 'DAGS_FOLDER/parallel_dag.py', '--cfg-path', '/tmp/tmp1q5df3mu', '--error-file', '/tmp/tmpvmb80t7n']
[2022-06-04 13:47:53,222] {standard_task_runner.py:80} INFO - Job 8: Subtask task_1
[2022-06-04 13:47:53,313] {task_command.py:370} INFO - Running <TaskInstance: parallel_dag.task_1 scheduled__2022-06-03T00:00:00+00:00 [running]> on host airflowvm
[2022-06-04 13:47:53,407] {taskinstance.py:1570} INFO - Exporting the following env vars:
AIRFLOW_CTX_DAG_OWNER=airflow
AIRFLOW_CTX_DAG_ID=parallel_dag
AIRFLOW_CTX_TASK_ID=task_1
AIRFLOW_CTX_EXECUTION_DATE=2022-06-03T00:00:00+00:00
AIRFLOW_CTX_TRY_NUMBER=1
AIRFLOW_CTX_DAG_RUN_ID=scheduled__2022-06-03T00:00:00+00:00
[2022-06-04 13:47:53,408] {subprocess.py:62} INFO - Tmp dir root location: 
 /tmp
[2022-06-04 13:47:53,409] {subprocess.py:74} INFO - Running command: ['bash', '-c', 'sleep 3']
[2022-06-04 13:47:53,415] {subprocess.py:85} INFO - Output:
[2022-06-04 13:47:56,419] {subprocess.py:96} INFO - Command exited with return code 0
[2022-06-04 13:47:56,498] {taskinstance.py:1396} INFO - Marking task as SUCCESS. dag_id=parallel_dag, task_id=task_1, execution_date=20220603T000000, start_date=20220604T134753, end_date=20220604T134756
[2022-06-04 13:47:56,583] {local_task_job.py:156} INFO - Task exited with return code 0
[2022-06-04 13:47:56,788] {local_task_job.py:273} INFO - 2 downstream tasks scheduled from follow-on schedule check
[2022-06-04 14:39:48,099] {taskinstance.py:1160} INFO - Dependencies all met for <TaskInstance: parallel_dag.task_1 scheduled__2022-06-03T00:00:00+00:00 [queued]>
[2022-06-04 14:39:48,109] {taskinstance.py:1160} INFO - Dependencies all met for <TaskInstance: parallel_dag.task_1 scheduled__2022-06-03T00:00:00+00:00 [queued]>
[2022-06-04 14:39:48,109] {taskinstance.py:1357} INFO - 
--------------------------------------------------------------------------------
[2022-06-04 14:39:48,110] {taskinstance.py:1358} INFO - Starting attempt 1 of 1
[2022-06-04 14:39:48,110] {taskinstance.py:1359} INFO - 
--------------------------------------------------------------------------------
[2022-06-04 14:39:48,123] {taskinstance.py:1378} INFO - Executing <Task(BashOperator): task_1> on 2022-06-03 00:00:00+00:00
[2022-06-04 14:39:48,127] {standard_task_runner.py:52} INFO - Started process 17569 to run task
[2022-06-04 14:39:48,137] {standard_task_runner.py:79} INFO - Running: ['airflow', 'tasks', 'run', 'parallel_dag', 'task_1', 'scheduled__2022-06-03T00:00:00+00:00', '--job-id', '2', '--raw', '--subdir', 'DAGS_FOLDER/parallel_dag.py', '--cfg-path', '/tmp/tmpv2ij6v6v', '--error-file', '/tmp/tmpim15mpy2']
[2022-06-04 14:39:48,139] {standard_task_runner.py:80} INFO - Job 2: Subtask task_1
[2022-06-04 14:39:48,322] {task_command.py:370} INFO - Running <TaskInstance: parallel_dag.task_1 scheduled__2022-06-03T00:00:00+00:00 [running]> on host airflowvm
[2022-06-04 14:39:48,538] {taskinstance.py:1570} INFO - Exporting the following env vars:
AIRFLOW_CTX_DAG_OWNER=airflow
AIRFLOW_CTX_DAG_ID=parallel_dag
AIRFLOW_CTX_TASK_ID=task_1
AIRFLOW_CTX_EXECUTION_DATE=2022-06-03T00:00:00+00:00
AIRFLOW_CTX_TRY_NUMBER=1
AIRFLOW_CTX_DAG_RUN_ID=scheduled__2022-06-03T00:00:00+00:00
[2022-06-04 14:39:48,539] {subprocess.py:62} INFO - Tmp dir root location: 
 /tmp
[2022-06-04 14:39:48,540] {subprocess.py:74} INFO - Running command: ['bash', '-c', 'sleep 3']
[2022-06-04 14:39:48,551] {subprocess.py:85} INFO - Output:
[2022-06-04 14:39:51,553] {subprocess.py:96} INFO - Command exited with return code 0
[2022-06-04 14:39:51,617] {taskinstance.py:1396} INFO - Marking task as SUCCESS. dag_id=parallel_dag, task_id=task_1, execution_date=20220603T000000, start_date=20220604T143948, end_date=20220604T143951
[2022-06-04 14:39:51,665] {local_task_job.py:156} INFO - Task exited with return code 0
[2022-06-04 14:39:51,730] {local_task_job.py:273} INFO - 2 downstream tasks scheduled from follow-on schedule check
