[2022-06-11 14:37:39,590] {taskinstance.py:1160} INFO - Dependencies all met for <TaskInstance: parallel_dag.task_3 scheduled__2022-06-10T00:00:00+00:00 [queued]>
[2022-06-11 14:37:39,604] {taskinstance.py:1160} INFO - Dependencies all met for <TaskInstance: parallel_dag.task_3 scheduled__2022-06-10T00:00:00+00:00 [queued]>
[2022-06-11 14:37:39,605] {taskinstance.py:1357} INFO - 
--------------------------------------------------------------------------------
[2022-06-11 14:37:39,605] {taskinstance.py:1358} INFO - Starting attempt 1 of 1
[2022-06-11 14:37:39,605] {taskinstance.py:1359} INFO - 
--------------------------------------------------------------------------------
[2022-06-11 14:37:39,628] {taskinstance.py:1378} INFO - Executing <Task(BashOperator): task_3> on 2022-06-10 00:00:00+00:00
[2022-06-11 14:37:39,643] {standard_task_runner.py:52} INFO - Started process 3650 to run task
[2022-06-11 14:37:39,662] {standard_task_runner.py:79} INFO - Running: ['airflow', 'tasks', 'run', 'parallel_dag', 'task_3', 'scheduled__2022-06-10T00:00:00+00:00', '--job-id', '14', '--raw', '--subdir', 'DAGS_FOLDER/parallel_dag.py', '--cfg-path', '/tmp/tmp1jiqjudb', '--error-file', '/tmp/tmpnge_b0im']
[2022-06-11 14:37:39,664] {standard_task_runner.py:80} INFO - Job 14: Subtask task_3
[2022-06-11 14:37:39,917] {task_command.py:370} INFO - Running <TaskInstance: parallel_dag.task_3 scheduled__2022-06-10T00:00:00+00:00 [running]> on host airflowvm
[2022-06-11 14:37:40,439] {taskinstance.py:1570} INFO - Exporting the following env vars:
AIRFLOW_CTX_DAG_OWNER=airflow
AIRFLOW_CTX_DAG_ID=parallel_dag
AIRFLOW_CTX_TASK_ID=task_3
AIRFLOW_CTX_EXECUTION_DATE=2022-06-10T00:00:00+00:00
AIRFLOW_CTX_TRY_NUMBER=1
AIRFLOW_CTX_DAG_RUN_ID=scheduled__2022-06-10T00:00:00+00:00
[2022-06-11 14:37:40,451] {subprocess.py:62} INFO - Tmp dir root location: 
 /tmp
[2022-06-11 14:37:40,452] {subprocess.py:74} INFO - Running command: ['bash', '-c', 'sleep 3']
[2022-06-11 14:37:40,477] {subprocess.py:85} INFO - Output:
[2022-06-11 14:37:43,478] {subprocess.py:96} INFO - Command exited with return code 0
[2022-06-11 14:37:43,556] {taskinstance.py:1396} INFO - Marking task as SUCCESS. dag_id=parallel_dag, task_id=task_3, execution_date=20220610T000000, start_date=20220611T143739, end_date=20220611T143743
[2022-06-11 14:37:43,587] {local_task_job.py:156} INFO - Task exited with return code 0
[2022-06-11 14:37:43,664] {local_task_job.py:273} INFO - 0 downstream tasks scheduled from follow-on schedule check
