[2022-06-11 20:35:20,743] {taskinstance.py:1160} INFO - Dependencies all met for <TaskInstance: xcom_dag.processing_tasks.training_model_b manual__2022-06-11T20:35:12.497078+00:00 [queued]>
[2022-06-11 20:35:20,767] {taskinstance.py:1160} INFO - Dependencies all met for <TaskInstance: xcom_dag.processing_tasks.training_model_b manual__2022-06-11T20:35:12.497078+00:00 [queued]>
[2022-06-11 20:35:20,768] {taskinstance.py:1357} INFO - 
--------------------------------------------------------------------------------
[2022-06-11 20:35:20,768] {taskinstance.py:1358} INFO - Starting attempt 1 of 1
[2022-06-11 20:35:20,768] {taskinstance.py:1359} INFO - 
--------------------------------------------------------------------------------
[2022-06-11 20:35:20,788] {taskinstance.py:1378} INFO - Executing <Task(PythonOperator): processing_tasks.training_model_b> on 2022-06-11 20:35:12.497078+00:00
[2022-06-11 20:35:20,795] {standard_task_runner.py:52} INFO - Started process 128650 to run task
[2022-06-11 20:35:20,806] {standard_task_runner.py:79} INFO - Running: ['airflow', 'tasks', 'run', 'xcom_dag', 'processing_tasks.training_model_b', 'manual__2022-06-11T20:35:12.497078+00:00', '--job-id', '58', '--raw', '--subdir', 'DAGS_FOLDER/xcom_dag.py', '--cfg-path', '/tmp/tmpw949lb7z', '--error-file', '/tmp/tmp53tdu5e1']
[2022-06-11 20:35:20,809] {standard_task_runner.py:80} INFO - Job 58: Subtask processing_tasks.training_model_b
[2022-06-11 20:35:21,191] {task_command.py:370} INFO - Running <TaskInstance: xcom_dag.processing_tasks.training_model_b manual__2022-06-11T20:35:12.497078+00:00 [running]> on host airflowvm
[2022-06-11 20:35:21,574] {taskinstance.py:1570} INFO - Exporting the following env vars:
AIRFLOW_CTX_DAG_OWNER=airflow
AIRFLOW_CTX_DAG_ID=xcom_dag
AIRFLOW_CTX_TASK_ID=processing_tasks.training_model_b
AIRFLOW_CTX_EXECUTION_DATE=2022-06-11T20:35:12.497078+00:00
AIRFLOW_CTX_TRY_NUMBER=1
AIRFLOW_CTX_DAG_RUN_ID=manual__2022-06-11T20:35:12.497078+00:00
[2022-06-11 20:35:21,575] {logging_mixin.py:115} INFO - model's accuracy: 2.1731499120960613
[2022-06-11 20:35:21,806] {python.py:173} INFO - Done. Returned value was: None
[2022-06-11 20:35:22,158] {taskinstance.py:1396} INFO - Marking task as SUCCESS. dag_id=xcom_dag, task_id=processing_tasks.training_model_b, execution_date=20220611T203512, start_date=20220611T203520, end_date=20220611T203522
[2022-06-11 20:35:22,212] {local_task_job.py:156} INFO - Task exited with return code 0
[2022-06-11 20:35:22,305] {local_task_job.py:273} INFO - 1 downstream tasks scheduled from follow-on schedule check
