[2022-06-11 20:34:00,095] {taskinstance.py:1160} INFO - Dependencies all met for <TaskInstance: xcom_dag.is_accurate manual__2022-06-11T20:33:45.612898+00:00 [queued]>
[2022-06-11 20:34:00,118] {taskinstance.py:1160} INFO - Dependencies all met for <TaskInstance: xcom_dag.is_accurate manual__2022-06-11T20:33:45.612898+00:00 [queued]>
[2022-06-11 20:34:00,118] {taskinstance.py:1357} INFO - 
--------------------------------------------------------------------------------
[2022-06-11 20:34:00,119] {taskinstance.py:1358} INFO - Starting attempt 1 of 1
[2022-06-11 20:34:00,119] {taskinstance.py:1359} INFO - 
--------------------------------------------------------------------------------
[2022-06-11 20:34:00,147] {taskinstance.py:1378} INFO - Executing <Task(BranchPythonOperator): is_accurate> on 2022-06-11 20:33:45.612898+00:00
[2022-06-11 20:34:00,153] {standard_task_runner.py:52} INFO - Started process 127874 to run task
[2022-06-11 20:34:00,157] {standard_task_runner.py:79} INFO - Running: ['airflow', 'tasks', 'run', 'xcom_dag', 'is_accurate', 'manual__2022-06-11T20:33:45.612898+00:00', '--job-id', '55', '--raw', '--subdir', 'DAGS_FOLDER/xcom_dag.py', '--cfg-path', '/tmp/tmprfe6_yv7', '--error-file', '/tmp/tmp2r73zmyo']
[2022-06-11 20:34:00,158] {standard_task_runner.py:80} INFO - Job 55: Subtask is_accurate
[2022-06-11 20:34:00,286] {task_command.py:370} INFO - Running <TaskInstance: xcom_dag.is_accurate manual__2022-06-11T20:33:45.612898+00:00 [running]> on host airflowvm
[2022-06-11 20:34:00,490] {taskinstance.py:1570} INFO - Exporting the following env vars:
AIRFLOW_CTX_DAG_OWNER=airflow
AIRFLOW_CTX_DAG_ID=xcom_dag
AIRFLOW_CTX_TASK_ID=is_accurate
AIRFLOW_CTX_EXECUTION_DATE=2022-06-11T20:33:45.612898+00:00
AIRFLOW_CTX_TRY_NUMBER=1
AIRFLOW_CTX_DAG_RUN_ID=manual__2022-06-11T20:33:45.612898+00:00
[2022-06-11 20:34:00,492] {python.py:173} INFO - Done. Returned value was: None
[2022-06-11 20:34:00,493] {skipmixin.py:140} INFO - Following branch None
[2022-06-11 20:34:00,493] {skipmixin.py:175} INFO - Skipping tasks ['accurate', 'inaccurate']
[2022-06-11 20:34:00,573] {taskinstance.py:1396} INFO - Marking task as SUCCESS. dag_id=xcom_dag, task_id=is_accurate, execution_date=20220611T203345, start_date=20220611T203400, end_date=20220611T203400
[2022-06-11 20:34:00,618] {local_task_job.py:156} INFO - Task exited with return code 0
[2022-06-11 20:34:01,513] {local_task_job.py:273} INFO - 0 downstream tasks scheduled from follow-on schedule check
