[2022-06-11 20:35:23,936] {taskinstance.py:1160} INFO - Dependencies all met for <TaskInstance: xcom_dag.choose_best_model manual__2022-06-11T20:35:12.497078+00:00 [queued]>
[2022-06-11 20:35:23,962] {taskinstance.py:1160} INFO - Dependencies all met for <TaskInstance: xcom_dag.choose_best_model manual__2022-06-11T20:35:12.497078+00:00 [queued]>
[2022-06-11 20:35:23,962] {taskinstance.py:1357} INFO - 
--------------------------------------------------------------------------------
[2022-06-11 20:35:23,962] {taskinstance.py:1358} INFO - Starting attempt 1 of 1
[2022-06-11 20:35:23,963] {taskinstance.py:1359} INFO - 
--------------------------------------------------------------------------------
[2022-06-11 20:35:23,989] {taskinstance.py:1378} INFO - Executing <Task(PythonOperator): choose_best_model> on 2022-06-11 20:35:12.497078+00:00
[2022-06-11 20:35:23,994] {standard_task_runner.py:52} INFO - Started process 128787 to run task
[2022-06-11 20:35:23,998] {standard_task_runner.py:79} INFO - Running: ['airflow', 'tasks', 'run', 'xcom_dag', 'choose_best_model', 'manual__2022-06-11T20:35:12.497078+00:00', '--job-id', '61', '--raw', '--subdir', 'DAGS_FOLDER/xcom_dag.py', '--cfg-path', '/tmp/tmpehioavz0', '--error-file', '/tmp/tmpbump6efy']
[2022-06-11 20:35:24,000] {standard_task_runner.py:80} INFO - Job 61: Subtask choose_best_model
[2022-06-11 20:35:24,207] {task_command.py:370} INFO - Running <TaskInstance: xcom_dag.choose_best_model manual__2022-06-11T20:35:12.497078+00:00 [running]> on host airflowvm
[2022-06-11 20:35:24,358] {taskinstance.py:1570} INFO - Exporting the following env vars:
AIRFLOW_CTX_DAG_OWNER=airflow
AIRFLOW_CTX_DAG_ID=xcom_dag
AIRFLOW_CTX_TASK_ID=choose_best_model
AIRFLOW_CTX_EXECUTION_DATE=2022-06-11T20:35:12.497078+00:00
AIRFLOW_CTX_TRY_NUMBER=1
AIRFLOW_CTX_DAG_RUN_ID=manual__2022-06-11T20:35:12.497078+00:00
[2022-06-11 20:35:24,359] {logging_mixin.py:115} INFO - choose best model
[2022-06-11 20:35:24,374] {python.py:173} INFO - Done. Returned value was: None
[2022-06-11 20:35:24,407] {taskinstance.py:1396} INFO - Marking task as SUCCESS. dag_id=xcom_dag, task_id=choose_best_model, execution_date=20220611T203512, start_date=20220611T203523, end_date=20220611T203524
[2022-06-11 20:35:24,449] {local_task_job.py:156} INFO - Task exited with return code 0
[2022-06-11 20:35:24,566] {local_task_job.py:273} INFO - 1 downstream tasks scheduled from follow-on schedule check
