[2022-06-11 20:32:54,651] {taskinstance.py:1160} INFO - Dependencies all met for <TaskInstance: xcom_dag.processing_tasks.training_model_a scheduled__2022-06-10T00:00:00+00:00 [queued]>
[2022-06-11 20:32:54,671] {taskinstance.py:1160} INFO - Dependencies all met for <TaskInstance: xcom_dag.processing_tasks.training_model_a scheduled__2022-06-10T00:00:00+00:00 [queued]>
[2022-06-11 20:32:54,671] {taskinstance.py:1357} INFO - 
--------------------------------------------------------------------------------
[2022-06-11 20:32:54,671] {taskinstance.py:1358} INFO - Starting attempt 1 of 1
[2022-06-11 20:32:54,671] {taskinstance.py:1359} INFO - 
--------------------------------------------------------------------------------
[2022-06-11 20:32:54,715] {taskinstance.py:1378} INFO - Executing <Task(PythonOperator): processing_tasks.training_model_a> on 2022-06-10 00:00:00+00:00
[2022-06-11 20:32:54,726] {standard_task_runner.py:52} INFO - Started process 126388 to run task
[2022-06-11 20:32:54,738] {standard_task_runner.py:79} INFO - Running: ['airflow', 'tasks', 'run', 'xcom_dag', 'processing_tasks.training_model_a', 'scheduled__2022-06-10T00:00:00+00:00', '--job-id', '42', '--raw', '--subdir', 'DAGS_FOLDER/xcom_dag.py', '--cfg-path', '/tmp/tmpt4hip8qu', '--error-file', '/tmp/tmp6dd633t5']
[2022-06-11 20:32:54,741] {standard_task_runner.py:80} INFO - Job 42: Subtask processing_tasks.training_model_a
[2022-06-11 20:32:54,948] {task_command.py:370} INFO - Running <TaskInstance: xcom_dag.processing_tasks.training_model_a scheduled__2022-06-10T00:00:00+00:00 [running]> on host airflowvm
[2022-06-11 20:32:55,187] {taskinstance.py:1570} INFO - Exporting the following env vars:
AIRFLOW_CTX_DAG_OWNER=airflow
AIRFLOW_CTX_DAG_ID=xcom_dag
AIRFLOW_CTX_TASK_ID=processing_tasks.training_model_a
AIRFLOW_CTX_EXECUTION_DATE=2022-06-10T00:00:00+00:00
AIRFLOW_CTX_TRY_NUMBER=1
AIRFLOW_CTX_DAG_RUN_ID=scheduled__2022-06-10T00:00:00+00:00
[2022-06-11 20:32:55,189] {logging_mixin.py:115} INFO - model's accuracy: 9.473421214825184
[2022-06-11 20:32:55,270] {python.py:173} INFO - Done. Returned value was: None
[2022-06-11 20:32:55,305] {taskinstance.py:1396} INFO - Marking task as SUCCESS. dag_id=xcom_dag, task_id=processing_tasks.training_model_a, execution_date=20220610T000000, start_date=20220611T203254, end_date=20220611T203255
[2022-06-11 20:32:55,360] {local_task_job.py:156} INFO - Task exited with return code 0
[2022-06-11 20:32:55,631] {local_task_job.py:273} INFO - 1 downstream tasks scheduled from follow-on schedule check
[2022-06-11 20:33:56,385] {taskinstance.py:1160} INFO - Dependencies all met for <TaskInstance: xcom_dag.processing_tasks.training_model_a scheduled__2022-06-10T00:00:00+00:00 [queued]>
[2022-06-11 20:33:56,422] {taskinstance.py:1160} INFO - Dependencies all met for <TaskInstance: xcom_dag.processing_tasks.training_model_a scheduled__2022-06-10T00:00:00+00:00 [queued]>
[2022-06-11 20:33:56,423] {taskinstance.py:1357} INFO - 
--------------------------------------------------------------------------------
[2022-06-11 20:33:56,423] {taskinstance.py:1358} INFO - Starting attempt 1 of 1
[2022-06-11 20:33:56,423] {taskinstance.py:1359} INFO - 
--------------------------------------------------------------------------------
[2022-06-11 20:33:56,483] {taskinstance.py:1378} INFO - Executing <Task(PythonOperator): processing_tasks.training_model_a> on 2022-06-10 00:00:00+00:00
[2022-06-11 20:33:56,489] {standard_task_runner.py:52} INFO - Started process 127642 to run task
[2022-06-11 20:33:56,498] {standard_task_runner.py:79} INFO - Running: ['airflow', 'tasks', 'run', 'xcom_dag', 'processing_tasks.training_model_a', 'scheduled__2022-06-10T00:00:00+00:00', '--job-id', '50', '--raw', '--subdir', 'DAGS_FOLDER/xcom_dag.py', '--cfg-path', '/tmp/tmpc2gd6vjh', '--error-file', '/tmp/tmpzpma4ris']
[2022-06-11 20:33:56,501] {standard_task_runner.py:80} INFO - Job 50: Subtask processing_tasks.training_model_a
[2022-06-11 20:33:56,676] {task_command.py:370} INFO - Running <TaskInstance: xcom_dag.processing_tasks.training_model_a scheduled__2022-06-10T00:00:00+00:00 [running]> on host airflowvm
[2022-06-11 20:33:57,212] {taskinstance.py:1570} INFO - Exporting the following env vars:
AIRFLOW_CTX_DAG_OWNER=airflow
AIRFLOW_CTX_DAG_ID=xcom_dag
AIRFLOW_CTX_TASK_ID=processing_tasks.training_model_a
AIRFLOW_CTX_EXECUTION_DATE=2022-06-10T00:00:00+00:00
AIRFLOW_CTX_TRY_NUMBER=1
AIRFLOW_CTX_DAG_RUN_ID=scheduled__2022-06-10T00:00:00+00:00
[2022-06-11 20:33:57,215] {logging_mixin.py:115} INFO - model's accuracy: 8.004459958036726
[2022-06-11 20:33:57,329] {python.py:173} INFO - Done. Returned value was: None
[2022-06-11 20:33:57,387] {taskinstance.py:1396} INFO - Marking task as SUCCESS. dag_id=xcom_dag, task_id=processing_tasks.training_model_a, execution_date=20220610T000000, start_date=20220611T203356, end_date=20220611T203357
[2022-06-11 20:33:57,883] {local_task_job.py:156} INFO - Task exited with return code 0
[2022-06-11 20:33:58,330] {local_task_job.py:273} INFO - 1 downstream tasks scheduled from follow-on schedule check
