[2022-06-04 13:48:08,828] {taskinstance.py:1160} INFO - Dependencies all met for <TaskInstance: parallel_dag.task_3 scheduled__2022-06-03T00:00:00+00:00 [queued]>
[2022-06-04 13:48:08,836] {taskinstance.py:1160} INFO - Dependencies all met for <TaskInstance: parallel_dag.task_3 scheduled__2022-06-03T00:00:00+00:00 [queued]>
[2022-06-04 13:48:08,836] {taskinstance.py:1357} INFO - 
--------------------------------------------------------------------------------
[2022-06-04 13:48:08,836] {taskinstance.py:1358} INFO - Starting attempt 1 of 1
[2022-06-04 13:48:08,836] {taskinstance.py:1359} INFO - 
--------------------------------------------------------------------------------
[2022-06-04 13:48:08,899] {taskinstance.py:1378} INFO - Executing <Task(BashOperator): task_3> on 2022-06-03 00:00:00+00:00
[2022-06-04 13:48:08,902] {standard_task_runner.py:52} INFO - Started process 5658 to run task
[2022-06-04 13:48:08,910] {standard_task_runner.py:79} INFO - Running: ['airflow', 'tasks', 'run', 'parallel_dag', 'task_3', 'scheduled__2022-06-03T00:00:00+00:00', '--job-id', '10', '--raw', '--subdir', 'DAGS_FOLDER/parallel_dag.py', '--cfg-path', '/tmp/tmpuy_jsm9o', '--error-file', '/tmp/tmp3dz4wj2x']
[2022-06-04 13:48:08,912] {standard_task_runner.py:80} INFO - Job 10: Subtask task_3
[2022-06-04 13:48:09,024] {task_command.py:370} INFO - Running <TaskInstance: parallel_dag.task_3 scheduled__2022-06-03T00:00:00+00:00 [running]> on host airflowvm
[2022-06-04 13:48:09,148] {taskinstance.py:1570} INFO - Exporting the following env vars:
AIRFLOW_CTX_DAG_OWNER=airflow
AIRFLOW_CTX_DAG_ID=parallel_dag
AIRFLOW_CTX_TASK_ID=task_3
AIRFLOW_CTX_EXECUTION_DATE=2022-06-03T00:00:00+00:00
AIRFLOW_CTX_TRY_NUMBER=1
AIRFLOW_CTX_DAG_RUN_ID=scheduled__2022-06-03T00:00:00+00:00
[2022-06-04 13:48:09,150] {subprocess.py:62} INFO - Tmp dir root location: 
 /tmp
[2022-06-04 13:48:09,151] {subprocess.py:74} INFO - Running command: ['bash', '-c', 'sleep 3']
[2022-06-04 13:48:09,161] {subprocess.py:85} INFO - Output:
[2022-06-04 13:48:12,164] {subprocess.py:96} INFO - Command exited with return code 0
[2022-06-04 13:48:12,281] {taskinstance.py:1396} INFO - Marking task as SUCCESS. dag_id=parallel_dag, task_id=task_3, execution_date=20220603T000000, start_date=20220604T134808, end_date=20220604T134812
[2022-06-04 13:48:12,405] {local_task_job.py:156} INFO - Task exited with return code 0
[2022-06-04 13:48:12,487] {local_task_job.py:273} INFO - 1 downstream tasks scheduled from follow-on schedule check
[2022-06-04 14:39:54,644] {taskinstance.py:1160} INFO - Dependencies all met for <TaskInstance: parallel_dag.task_3 scheduled__2022-06-03T00:00:00+00:00 [queued]>
[2022-06-04 14:39:54,656] {taskinstance.py:1160} INFO - Dependencies all met for <TaskInstance: parallel_dag.task_3 scheduled__2022-06-03T00:00:00+00:00 [queued]>
[2022-06-04 14:39:54,657] {taskinstance.py:1357} INFO - 
--------------------------------------------------------------------------------
[2022-06-04 14:39:54,657] {taskinstance.py:1358} INFO - Starting attempt 1 of 1
[2022-06-04 14:39:54,657] {taskinstance.py:1359} INFO - 
--------------------------------------------------------------------------------
[2022-06-04 14:39:54,678] {taskinstance.py:1378} INFO - Executing <Task(BashOperator): task_3> on 2022-06-03 00:00:00+00:00
[2022-06-04 14:39:54,682] {standard_task_runner.py:52} INFO - Started process 17812 to run task
[2022-06-04 14:39:54,709] {standard_task_runner.py:79} INFO - Running: ['airflow', 'tasks', 'run', 'parallel_dag', 'task_3', 'scheduled__2022-06-03T00:00:00+00:00', '--job-id', '3', '--raw', '--subdir', 'DAGS_FOLDER/parallel_dag.py', '--cfg-path', '/tmp/tmp51pgu19p', '--error-file', '/tmp/tmpxgl9fivg']
[2022-06-04 14:39:54,713] {standard_task_runner.py:80} INFO - Job 3: Subtask task_3
[2022-06-04 14:39:55,068] {task_command.py:370} INFO - Running <TaskInstance: parallel_dag.task_3 scheduled__2022-06-03T00:00:00+00:00 [running]> on host airflowvm
[2022-06-04 14:39:55,312] {taskinstance.py:1570} INFO - Exporting the following env vars:
AIRFLOW_CTX_DAG_OWNER=airflow
AIRFLOW_CTX_DAG_ID=parallel_dag
AIRFLOW_CTX_TASK_ID=task_3
AIRFLOW_CTX_EXECUTION_DATE=2022-06-03T00:00:00+00:00
AIRFLOW_CTX_TRY_NUMBER=1
AIRFLOW_CTX_DAG_RUN_ID=scheduled__2022-06-03T00:00:00+00:00
[2022-06-04 14:39:55,314] {subprocess.py:62} INFO - Tmp dir root location: 
 /tmp
[2022-06-04 14:39:55,317] {subprocess.py:74} INFO - Running command: ['bash', '-c', 'sleep 3']
[2022-06-04 14:39:55,326] {subprocess.py:85} INFO - Output:
[2022-06-04 14:39:58,329] {subprocess.py:96} INFO - Command exited with return code 0
[2022-06-04 14:39:58,394] {taskinstance.py:1396} INFO - Marking task as SUCCESS. dag_id=parallel_dag, task_id=task_3, execution_date=20220603T000000, start_date=20220604T143954, end_date=20220604T143958
[2022-06-04 14:39:58,466] {local_task_job.py:156} INFO - Task exited with return code 0
[2022-06-04 14:39:58,569] {local_task_job.py:273} INFO - 1 downstream tasks scheduled from follow-on schedule check
