[2022-06-11 20:31:49,989] {taskinstance.py:1160} INFO - Dependencies all met for <TaskInstance: xcom_dag.processing_tasks.training_model_a manual__2022-06-11T20:31:43.659005+00:00 [queued]>
[2022-06-11 20:31:50,006] {taskinstance.py:1160} INFO - Dependencies all met for <TaskInstance: xcom_dag.processing_tasks.training_model_a manual__2022-06-11T20:31:43.659005+00:00 [queued]>
[2022-06-11 20:31:50,007] {taskinstance.py:1357} INFO - 
--------------------------------------------------------------------------------
[2022-06-11 20:31:50,007] {taskinstance.py:1358} INFO - Starting attempt 1 of 1
[2022-06-11 20:31:50,007] {taskinstance.py:1359} INFO - 
--------------------------------------------------------------------------------
[2022-06-11 20:31:50,211] {taskinstance.py:1378} INFO - Executing <Task(PythonOperator): processing_tasks.training_model_a> on 2022-06-11 20:31:43.659005+00:00
[2022-06-11 20:31:50,216] {standard_task_runner.py:52} INFO - Started process 125323 to run task
[2022-06-11 20:31:50,219] {standard_task_runner.py:79} INFO - Running: ['airflow', 'tasks', 'run', 'xcom_dag', 'processing_tasks.training_model_a', 'manual__2022-06-11T20:31:43.659005+00:00', '--job-id', '36', '--raw', '--subdir', 'DAGS_FOLDER/xcom_dag.py', '--cfg-path', '/tmp/tmp7b2_yjrd', '--error-file', '/tmp/tmpiqsko2e_']
[2022-06-11 20:31:50,221] {standard_task_runner.py:80} INFO - Job 36: Subtask processing_tasks.training_model_a
[2022-06-11 20:31:50,446] {task_command.py:370} INFO - Running <TaskInstance: xcom_dag.processing_tasks.training_model_a manual__2022-06-11T20:31:43.659005+00:00 [running]> on host airflowvm
[2022-06-11 20:31:50,856] {taskinstance.py:1570} INFO - Exporting the following env vars:
AIRFLOW_CTX_DAG_OWNER=airflow
AIRFLOW_CTX_DAG_ID=xcom_dag
AIRFLOW_CTX_TASK_ID=processing_tasks.training_model_a
AIRFLOW_CTX_EXECUTION_DATE=2022-06-11T20:31:43.659005+00:00
AIRFLOW_CTX_TRY_NUMBER=1
AIRFLOW_CTX_DAG_RUN_ID=manual__2022-06-11T20:31:43.659005+00:00
[2022-06-11 20:31:50,858] {logging_mixin.py:115} INFO - model's accuracy: 2.7550629799572732
[2022-06-11 20:31:50,911] {python.py:173} INFO - Done. Returned value was: None
[2022-06-11 20:31:50,933] {taskinstance.py:1396} INFO - Marking task as SUCCESS. dag_id=xcom_dag, task_id=processing_tasks.training_model_a, execution_date=20220611T203143, start_date=20220611T203149, end_date=20220611T203150
[2022-06-11 20:31:51,026] {local_task_job.py:156} INFO - Task exited with return code 0
[2022-06-11 20:31:51,270] {local_task_job.py:273} INFO - 0 downstream tasks scheduled from follow-on schedule check
