[2022-06-11 20:35:13,869] {taskinstance.py:1160} INFO - Dependencies all met for <TaskInstance: xcom_dag.downloading_data manual__2022-06-11T20:35:12.497078+00:00 [queued]>
[2022-06-11 20:35:13,888] {taskinstance.py:1160} INFO - Dependencies all met for <TaskInstance: xcom_dag.downloading_data manual__2022-06-11T20:35:12.497078+00:00 [queued]>
[2022-06-11 20:35:13,888] {taskinstance.py:1357} INFO - 
--------------------------------------------------------------------------------
[2022-06-11 20:35:13,888] {taskinstance.py:1358} INFO - Starting attempt 1 of 1
[2022-06-11 20:35:13,888] {taskinstance.py:1359} INFO - 
--------------------------------------------------------------------------------
[2022-06-11 20:35:13,909] {taskinstance.py:1378} INFO - Executing <Task(BashOperator): downloading_data> on 2022-06-11 20:35:12.497078+00:00
[2022-06-11 20:35:13,914] {standard_task_runner.py:52} INFO - Started process 128408 to run task
[2022-06-11 20:35:13,918] {standard_task_runner.py:79} INFO - Running: ['airflow', 'tasks', 'run', 'xcom_dag', 'downloading_data', 'manual__2022-06-11T20:35:12.497078+00:00', '--job-id', '57', '--raw', '--subdir', 'DAGS_FOLDER/xcom_dag.py', '--cfg-path', '/tmp/tmpgz50vitz', '--error-file', '/tmp/tmpdeenqhed']
[2022-06-11 20:35:13,920] {standard_task_runner.py:80} INFO - Job 57: Subtask downloading_data
[2022-06-11 20:35:14,080] {task_command.py:370} INFO - Running <TaskInstance: xcom_dag.downloading_data manual__2022-06-11T20:35:12.497078+00:00 [running]> on host airflowvm
[2022-06-11 20:35:14,234] {taskinstance.py:1570} INFO - Exporting the following env vars:
AIRFLOW_CTX_DAG_OWNER=airflow
AIRFLOW_CTX_DAG_ID=xcom_dag
AIRFLOW_CTX_TASK_ID=downloading_data
AIRFLOW_CTX_EXECUTION_DATE=2022-06-11T20:35:12.497078+00:00
AIRFLOW_CTX_TRY_NUMBER=1
AIRFLOW_CTX_DAG_RUN_ID=manual__2022-06-11T20:35:12.497078+00:00
[2022-06-11 20:35:14,235] {subprocess.py:62} INFO - Tmp dir root location: 
 /tmp
[2022-06-11 20:35:14,236] {subprocess.py:74} INFO - Running command: ['bash', '-c', 'sleep 3']
[2022-06-11 20:35:14,246] {subprocess.py:85} INFO - Output:
[2022-06-11 20:35:17,854] {subprocess.py:96} INFO - Command exited with return code 0
[2022-06-11 20:35:18,120] {taskinstance.py:1396} INFO - Marking task as SUCCESS. dag_id=xcom_dag, task_id=downloading_data, execution_date=20220611T203512, start_date=20220611T203513, end_date=20220611T203518
[2022-06-11 20:35:19,027] {local_task_job.py:156} INFO - Task exited with return code 0
[2022-06-11 20:35:19,161] {local_task_job.py:273} INFO - 3 downstream tasks scheduled from follow-on schedule check
