[2022-05-29 16:06:30,609] {taskinstance.py:1160} INFO - Dependencies all met for <TaskInstance: user_processing.extracting_user scheduled__2022-05-28T00:00:00+00:00 [queued]>
[2022-05-29 16:06:30,618] {taskinstance.py:1160} INFO - Dependencies all met for <TaskInstance: user_processing.extracting_user scheduled__2022-05-28T00:00:00+00:00 [queued]>
[2022-05-29 16:06:30,619] {taskinstance.py:1357} INFO - 
--------------------------------------------------------------------------------
[2022-05-29 16:06:30,619] {taskinstance.py:1358} INFO - Starting attempt 1 of 1
[2022-05-29 16:06:30,619] {taskinstance.py:1359} INFO - 
--------------------------------------------------------------------------------
[2022-05-29 16:06:30,648] {taskinstance.py:1378} INFO - Executing <Task(SimpleHttpOperator): extracting_user> on 2022-05-28 00:00:00+00:00
[2022-05-29 16:06:30,649] {standard_task_runner.py:52} INFO - Started process 106928 to run task
[2022-05-29 16:06:30,660] {standard_task_runner.py:79} INFO - Running: ['airflow', 'tasks', 'run', 'user_processing', 'extracting_user', 'scheduled__2022-05-28T00:00:00+00:00', '--job-id', '4', '--raw', '--subdir', 'DAGS_FOLDER/user_processing.py', '--cfg-path', '/tmp/tmp6odmqrch', '--error-file', '/tmp/tmpet9bigyy']
[2022-05-29 16:06:30,660] {standard_task_runner.py:80} INFO - Job 4: Subtask extracting_user
[2022-05-29 16:06:31,217] {task_command.py:370} INFO - Running <TaskInstance: user_processing.extracting_user scheduled__2022-05-28T00:00:00+00:00 [running]> on host airflowvm
[2022-05-29 16:06:31,616] {taskinstance.py:1570} INFO - Exporting the following env vars:
AIRFLOW_CTX_DAG_OWNER=airflow
AIRFLOW_CTX_DAG_ID=user_processing
AIRFLOW_CTX_TASK_ID=extracting_user
AIRFLOW_CTX_EXECUTION_DATE=2022-05-28T00:00:00+00:00
AIRFLOW_CTX_TRY_NUMBER=1
AIRFLOW_CTX_DAG_RUN_ID=scheduled__2022-05-28T00:00:00+00:00
[2022-05-29 16:06:31,621] {http.py:102} INFO - Calling HTTP method
[2022-05-29 16:06:31,640] {base.py:68} INFO - Using connection ID 'user_api' for task execution.
[2022-05-29 16:06:31,658] {http.py:129} INFO - Sending 'GET' to url: https://randomuser.me/api/
[2022-05-29 16:06:32,128] {http.py:106} INFO - {"results":[{"gender":"male","name":{"title":"Mr","first":"Malthe","last":"Thomsen"},"location":{"street":{"number":6909,"name":"Lysalleen"},"city":"Ugerløse","state":"Nordjylland","country":"Denmark","postcode":32800,"coordinates":{"latitude":"-33.5832","longitude":"-58.8422"},"timezone":{"offset":"-11:00","description":"Midway Island, Samoa"}},"email":"malthe.thomsen@example.com","login":{"uuid":"8f0b7e84-3cdb-4436-9945-b70eb3011225","username":"crazygoose741","password":"monitor","salt":"nX1Sslyw","md5":"2a6ee6b8411eb9f9522731df847377b1","sha1":"a902473b8b0a9b8b20f59c2bdf3384db4656df0b","sha256":"9fd6274bfe9b0f02a3bbe8ddd0fa8490e6b0d45d7106ff37f2eec5519fbd9e23"},"dob":{"date":"1968-08-14T16:55:52.519Z","age":54},"registered":{"date":"2002-04-27T00:18:14.093Z","age":20},"phone":"72000113","cell":"60573895","id":{"name":"CPR","value":"140868-0997"},"picture":{"large":"https://randomuser.me/api/portraits/men/93.jpg","medium":"https://randomuser.me/api/portraits/med/men/93.jpg","thumbnail":"https://randomuser.me/api/portraits/thumb/men/93.jpg"},"nat":"DK"}],"info":{"seed":"4aa67758c924e5d0","results":1,"page":1,"version":"1.3"}}
[2022-05-29 16:06:32,192] {taskinstance.py:1396} INFO - Marking task as SUCCESS. dag_id=user_processing, task_id=extracting_user, execution_date=20220528T000000, start_date=20220529T160630, end_date=20220529T160632
[2022-05-29 16:06:32,223] {local_task_job.py:156} INFO - Task exited with return code 0
[2022-05-29 16:06:32,283] {local_task_job.py:273} INFO - 1 downstream tasks scheduled from follow-on schedule check
