[2022-06-11 20:35:20,668] {taskinstance.py:1160} INFO - Dependencies all met for <TaskInstance: xcom_dag.processing_tasks.training_model_a manual__2022-06-11T20:35:12.497078+00:00 [queued]>
[2022-06-11 20:35:20,687] {taskinstance.py:1160} INFO - Dependencies all met for <TaskInstance: xcom_dag.processing_tasks.training_model_a manual__2022-06-11T20:35:12.497078+00:00 [queued]>
[2022-06-11 20:35:20,687] {taskinstance.py:1357} INFO - 
--------------------------------------------------------------------------------
[2022-06-11 20:35:20,688] {taskinstance.py:1358} INFO - Starting attempt 1 of 1
[2022-06-11 20:35:20,688] {taskinstance.py:1359} INFO - 
--------------------------------------------------------------------------------
[2022-06-11 20:35:20,710] {taskinstance.py:1378} INFO - Executing <Task(PythonOperator): processing_tasks.training_model_a> on 2022-06-11 20:35:12.497078+00:00
[2022-06-11 20:35:20,724] {standard_task_runner.py:52} INFO - Started process 128648 to run task
[2022-06-11 20:35:20,732] {standard_task_runner.py:79} INFO - Running: ['airflow', 'tasks', 'run', 'xcom_dag', 'processing_tasks.training_model_a', 'manual__2022-06-11T20:35:12.497078+00:00', '--job-id', '59', '--raw', '--subdir', 'DAGS_FOLDER/xcom_dag.py', '--cfg-path', '/tmp/tmptlgd1bt5', '--error-file', '/tmp/tmpbs0gk5fs']
[2022-06-11 20:35:20,734] {standard_task_runner.py:80} INFO - Job 59: Subtask processing_tasks.training_model_a
[2022-06-11 20:35:21,186] {task_command.py:370} INFO - Running <TaskInstance: xcom_dag.processing_tasks.training_model_a manual__2022-06-11T20:35:12.497078+00:00 [running]> on host airflowvm
[2022-06-11 20:35:21,612] {taskinstance.py:1570} INFO - Exporting the following env vars:
AIRFLOW_CTX_DAG_OWNER=airflow
AIRFLOW_CTX_DAG_ID=xcom_dag
AIRFLOW_CTX_TASK_ID=processing_tasks.training_model_a
AIRFLOW_CTX_EXECUTION_DATE=2022-06-11T20:35:12.497078+00:00
AIRFLOW_CTX_TRY_NUMBER=1
AIRFLOW_CTX_DAG_RUN_ID=manual__2022-06-11T20:35:12.497078+00:00
[2022-06-11 20:35:21,614] {logging_mixin.py:115} INFO - model's accuracy: 1.8395463010367734
[2022-06-11 20:35:21,765] {python.py:173} INFO - Done. Returned value was: None
[2022-06-11 20:35:21,792] {taskinstance.py:1396} INFO - Marking task as SUCCESS. dag_id=xcom_dag, task_id=processing_tasks.training_model_a, execution_date=20220611T203512, start_date=20220611T203520, end_date=20220611T203521
[2022-06-11 20:35:22,209] {local_task_job.py:156} INFO - Task exited with return code 0
[2022-06-11 20:35:22,385] {local_task_job.py:273} INFO - 0 downstream tasks scheduled from follow-on schedule check
