[2022-06-11 20:32:54,447] {taskinstance.py:1160} INFO - Dependencies all met for <TaskInstance: xcom_dag.processing_tasks.training_model_b scheduled__2022-06-10T00:00:00+00:00 [queued]>
[2022-06-11 20:32:54,478] {taskinstance.py:1160} INFO - Dependencies all met for <TaskInstance: xcom_dag.processing_tasks.training_model_b scheduled__2022-06-10T00:00:00+00:00 [queued]>
[2022-06-11 20:32:54,478] {taskinstance.py:1357} INFO - 
--------------------------------------------------------------------------------
[2022-06-11 20:32:54,479] {taskinstance.py:1358} INFO - Starting attempt 1 of 1
[2022-06-11 20:32:54,479] {taskinstance.py:1359} INFO - 
--------------------------------------------------------------------------------
[2022-06-11 20:32:54,547] {taskinstance.py:1378} INFO - Executing <Task(PythonOperator): processing_tasks.training_model_b> on 2022-06-10 00:00:00+00:00
[2022-06-11 20:32:54,559] {standard_task_runner.py:52} INFO - Started process 126384 to run task
[2022-06-11 20:32:54,575] {standard_task_runner.py:79} INFO - Running: ['airflow', 'tasks', 'run', 'xcom_dag', 'processing_tasks.training_model_b', 'scheduled__2022-06-10T00:00:00+00:00', '--job-id', '40', '--raw', '--subdir', 'DAGS_FOLDER/xcom_dag.py', '--cfg-path', '/tmp/tmp9otldsa_', '--error-file', '/tmp/tmprs6x6cr4']
[2022-06-11 20:32:54,582] {standard_task_runner.py:80} INFO - Job 40: Subtask processing_tasks.training_model_b
[2022-06-11 20:32:54,817] {task_command.py:370} INFO - Running <TaskInstance: xcom_dag.processing_tasks.training_model_b scheduled__2022-06-10T00:00:00+00:00 [running]> on host airflowvm
[2022-06-11 20:32:55,043] {taskinstance.py:1570} INFO - Exporting the following env vars:
AIRFLOW_CTX_DAG_OWNER=airflow
AIRFLOW_CTX_DAG_ID=xcom_dag
AIRFLOW_CTX_TASK_ID=processing_tasks.training_model_b
AIRFLOW_CTX_EXECUTION_DATE=2022-06-10T00:00:00+00:00
AIRFLOW_CTX_TRY_NUMBER=1
AIRFLOW_CTX_DAG_RUN_ID=scheduled__2022-06-10T00:00:00+00:00
[2022-06-11 20:32:55,047] {logging_mixin.py:115} INFO - model's accuracy: 1.5424621299348513
[2022-06-11 20:32:55,077] {python.py:173} INFO - Done. Returned value was: None
[2022-06-11 20:32:55,136] {taskinstance.py:1396} INFO - Marking task as SUCCESS. dag_id=xcom_dag, task_id=processing_tasks.training_model_b, execution_date=20220610T000000, start_date=20220611T203254, end_date=20220611T203255
[2022-06-11 20:32:55,216] {local_task_job.py:156} INFO - Task exited with return code 0
[2022-06-11 20:32:55,304] {local_task_job.py:273} INFO - 0 downstream tasks scheduled from follow-on schedule check
[2022-06-11 20:33:56,691] {taskinstance.py:1160} INFO - Dependencies all met for <TaskInstance: xcom_dag.processing_tasks.training_model_b scheduled__2022-06-10T00:00:00+00:00 [queued]>
[2022-06-11 20:33:56,732] {taskinstance.py:1160} INFO - Dependencies all met for <TaskInstance: xcom_dag.processing_tasks.training_model_b scheduled__2022-06-10T00:00:00+00:00 [queued]>
[2022-06-11 20:33:56,732] {taskinstance.py:1357} INFO - 
--------------------------------------------------------------------------------
[2022-06-11 20:33:56,733] {taskinstance.py:1358} INFO - Starting attempt 1 of 1
[2022-06-11 20:33:56,733] {taskinstance.py:1359} INFO - 
--------------------------------------------------------------------------------
[2022-06-11 20:33:56,784] {taskinstance.py:1378} INFO - Executing <Task(PythonOperator): processing_tasks.training_model_b> on 2022-06-10 00:00:00+00:00
[2022-06-11 20:33:56,790] {standard_task_runner.py:52} INFO - Started process 127653 to run task
[2022-06-11 20:33:56,811] {standard_task_runner.py:79} INFO - Running: ['airflow', 'tasks', 'run', 'xcom_dag', 'processing_tasks.training_model_b', 'scheduled__2022-06-10T00:00:00+00:00', '--job-id', '52', '--raw', '--subdir', 'DAGS_FOLDER/xcom_dag.py', '--cfg-path', '/tmp/tmpcw_9a3lg', '--error-file', '/tmp/tmpxh_g19uy']
[2022-06-11 20:33:56,813] {standard_task_runner.py:80} INFO - Job 52: Subtask processing_tasks.training_model_b
[2022-06-11 20:33:57,106] {task_command.py:370} INFO - Running <TaskInstance: xcom_dag.processing_tasks.training_model_b scheduled__2022-06-10T00:00:00+00:00 [running]> on host airflowvm
[2022-06-11 20:33:57,937] {taskinstance.py:1570} INFO - Exporting the following env vars:
AIRFLOW_CTX_DAG_OWNER=airflow
AIRFLOW_CTX_DAG_ID=xcom_dag
AIRFLOW_CTX_TASK_ID=processing_tasks.training_model_b
AIRFLOW_CTX_EXECUTION_DATE=2022-06-10T00:00:00+00:00
AIRFLOW_CTX_TRY_NUMBER=1
AIRFLOW_CTX_DAG_RUN_ID=scheduled__2022-06-10T00:00:00+00:00
[2022-06-11 20:33:57,938] {logging_mixin.py:115} INFO - model's accuracy: 3.0641995817434653
[2022-06-11 20:33:58,038] {python.py:173} INFO - Done. Returned value was: None
[2022-06-11 20:33:58,188] {taskinstance.py:1396} INFO - Marking task as SUCCESS. dag_id=xcom_dag, task_id=processing_tasks.training_model_b, execution_date=20220610T000000, start_date=20220611T203356, end_date=20220611T203358
[2022-06-11 20:33:58,297] {local_task_job.py:156} INFO - Task exited with return code 0
[2022-06-11 20:33:59,045] {local_task_job.py:273} INFO - 0 downstream tasks scheduled from follow-on schedule check
