[2022-06-04 13:48:01,599] {taskinstance.py:1160} INFO - Dependencies all met for <TaskInstance: parallel_dag.task_2 scheduled__2022-06-03T00:00:00+00:00 [queued]>
[2022-06-04 13:48:01,611] {taskinstance.py:1160} INFO - Dependencies all met for <TaskInstance: parallel_dag.task_2 scheduled__2022-06-03T00:00:00+00:00 [queued]>
[2022-06-04 13:48:01,611] {taskinstance.py:1357} INFO - 
--------------------------------------------------------------------------------
[2022-06-04 13:48:01,611] {taskinstance.py:1358} INFO - Starting attempt 1 of 1
[2022-06-04 13:48:01,611] {taskinstance.py:1359} INFO - 
--------------------------------------------------------------------------------
[2022-06-04 13:48:01,661] {taskinstance.py:1378} INFO - Executing <Task(BashOperator): task_2> on 2022-06-03 00:00:00+00:00
[2022-06-04 13:48:01,664] {standard_task_runner.py:52} INFO - Started process 5558 to run task
[2022-06-04 13:48:01,676] {standard_task_runner.py:79} INFO - Running: ['airflow', 'tasks', 'run', 'parallel_dag', 'task_2', 'scheduled__2022-06-03T00:00:00+00:00', '--job-id', '9', '--raw', '--subdir', 'DAGS_FOLDER/parallel_dag.py', '--cfg-path', '/tmp/tmppg12x2x1', '--error-file', '/tmp/tmpabot3o4i']
[2022-06-04 13:48:01,678] {standard_task_runner.py:80} INFO - Job 9: Subtask task_2
[2022-06-04 13:48:01,789] {task_command.py:370} INFO - Running <TaskInstance: parallel_dag.task_2 scheduled__2022-06-03T00:00:00+00:00 [running]> on host airflowvm
[2022-06-04 13:48:01,876] {taskinstance.py:1570} INFO - Exporting the following env vars:
AIRFLOW_CTX_DAG_OWNER=airflow
AIRFLOW_CTX_DAG_ID=parallel_dag
AIRFLOW_CTX_TASK_ID=task_2
AIRFLOW_CTX_EXECUTION_DATE=2022-06-03T00:00:00+00:00
AIRFLOW_CTX_TRY_NUMBER=1
AIRFLOW_CTX_DAG_RUN_ID=scheduled__2022-06-03T00:00:00+00:00
[2022-06-04 13:48:01,877] {subprocess.py:62} INFO - Tmp dir root location: 
 /tmp
[2022-06-04 13:48:01,878] {subprocess.py:74} INFO - Running command: ['bash', '-c', 'sleep 3']
[2022-06-04 13:48:01,892] {subprocess.py:85} INFO - Output:
[2022-06-04 13:48:04,895] {subprocess.py:96} INFO - Command exited with return code 0
[2022-06-04 13:48:04,969] {taskinstance.py:1396} INFO - Marking task as SUCCESS. dag_id=parallel_dag, task_id=task_2, execution_date=20220603T000000, start_date=20220604T134801, end_date=20220604T134804
[2022-06-04 13:48:05,073] {local_task_job.py:156} INFO - Task exited with return code 0
[2022-06-04 13:48:05,176] {local_task_job.py:273} INFO - 0 downstream tasks scheduled from follow-on schedule check
[2022-06-04 14:39:54,481] {taskinstance.py:1160} INFO - Dependencies all met for <TaskInstance: parallel_dag.task_2 scheduled__2022-06-03T00:00:00+00:00 [queued]>
[2022-06-04 14:39:54,496] {taskinstance.py:1160} INFO - Dependencies all met for <TaskInstance: parallel_dag.task_2 scheduled__2022-06-03T00:00:00+00:00 [queued]>
[2022-06-04 14:39:54,497] {taskinstance.py:1357} INFO - 
--------------------------------------------------------------------------------
[2022-06-04 14:39:54,497] {taskinstance.py:1358} INFO - Starting attempt 1 of 1
[2022-06-04 14:39:54,497] {taskinstance.py:1359} INFO - 
--------------------------------------------------------------------------------
[2022-06-04 14:39:54,516] {taskinstance.py:1378} INFO - Executing <Task(BashOperator): task_2> on 2022-06-03 00:00:00+00:00
[2022-06-04 14:39:54,521] {standard_task_runner.py:52} INFO - Started process 17808 to run task
[2022-06-04 14:39:54,543] {standard_task_runner.py:79} INFO - Running: ['airflow', 'tasks', 'run', 'parallel_dag', 'task_2', 'scheduled__2022-06-03T00:00:00+00:00', '--job-id', '4', '--raw', '--subdir', 'DAGS_FOLDER/parallel_dag.py', '--cfg-path', '/tmp/tmpqab_88f4', '--error-file', '/tmp/tmpjflk5xqi']
[2022-06-04 14:39:54,545] {standard_task_runner.py:80} INFO - Job 4: Subtask task_2
[2022-06-04 14:39:54,767] {task_command.py:370} INFO - Running <TaskInstance: parallel_dag.task_2 scheduled__2022-06-03T00:00:00+00:00 [running]> on host airflowvm
[2022-06-04 14:39:55,036] {taskinstance.py:1570} INFO - Exporting the following env vars:
AIRFLOW_CTX_DAG_OWNER=airflow
AIRFLOW_CTX_DAG_ID=parallel_dag
AIRFLOW_CTX_TASK_ID=task_2
AIRFLOW_CTX_EXECUTION_DATE=2022-06-03T00:00:00+00:00
AIRFLOW_CTX_TRY_NUMBER=1
AIRFLOW_CTX_DAG_RUN_ID=scheduled__2022-06-03T00:00:00+00:00
[2022-06-04 14:39:55,037] {subprocess.py:62} INFO - Tmp dir root location: 
 /tmp
[2022-06-04 14:39:55,039] {subprocess.py:74} INFO - Running command: ['bash', '-c', 'sleep 3']
[2022-06-04 14:39:55,050] {subprocess.py:85} INFO - Output:
[2022-06-04 14:39:58,054] {subprocess.py:96} INFO - Command exited with return code 0
[2022-06-04 14:39:58,138] {taskinstance.py:1396} INFO - Marking task as SUCCESS. dag_id=parallel_dag, task_id=task_2, execution_date=20220603T000000, start_date=20220604T143954, end_date=20220604T143958
[2022-06-04 14:39:58,168] {local_task_job.py:156} INFO - Task exited with return code 0
[2022-06-04 14:39:58,291] {local_task_job.py:273} INFO - 0 downstream tasks scheduled from follow-on schedule check
