[2022-06-11 20:35:25,690] {taskinstance.py:1160} INFO - Dependencies all met for <TaskInstance: xcom_dag.is_accurate manual__2022-06-11T20:35:12.497078+00:00 [queued]>
[2022-06-11 20:35:25,872] {taskinstance.py:1160} INFO - Dependencies all met for <TaskInstance: xcom_dag.is_accurate manual__2022-06-11T20:35:12.497078+00:00 [queued]>
[2022-06-11 20:35:25,872] {taskinstance.py:1357} INFO - 
--------------------------------------------------------------------------------
[2022-06-11 20:35:25,873] {taskinstance.py:1358} INFO - Starting attempt 1 of 1
[2022-06-11 20:35:25,873] {taskinstance.py:1359} INFO - 
--------------------------------------------------------------------------------
[2022-06-11 20:35:25,902] {taskinstance.py:1378} INFO - Executing <Task(BranchPythonOperator): is_accurate> on 2022-06-11 20:35:12.497078+00:00
[2022-06-11 20:35:25,912] {standard_task_runner.py:52} INFO - Started process 128875 to run task
[2022-06-11 20:35:25,922] {standard_task_runner.py:79} INFO - Running: ['airflow', 'tasks', 'run', 'xcom_dag', 'is_accurate', 'manual__2022-06-11T20:35:12.497078+00:00', '--job-id', '62', '--raw', '--subdir', 'DAGS_FOLDER/xcom_dag.py', '--cfg-path', '/tmp/tmp3cimidz4', '--error-file', '/tmp/tmpx9ttp0cp']
[2022-06-11 20:35:25,924] {standard_task_runner.py:80} INFO - Job 62: Subtask is_accurate
[2022-06-11 20:35:26,434] {task_command.py:370} INFO - Running <TaskInstance: xcom_dag.is_accurate manual__2022-06-11T20:35:12.497078+00:00 [running]> on host airflowvm
[2022-06-11 20:35:27,517] {taskinstance.py:1570} INFO - Exporting the following env vars:
AIRFLOW_CTX_DAG_OWNER=airflow
AIRFLOW_CTX_DAG_ID=xcom_dag
AIRFLOW_CTX_TASK_ID=is_accurate
AIRFLOW_CTX_EXECUTION_DATE=2022-06-11T20:35:12.497078+00:00
AIRFLOW_CTX_TRY_NUMBER=1
AIRFLOW_CTX_DAG_RUN_ID=manual__2022-06-11T20:35:12.497078+00:00
[2022-06-11 20:35:27,518] {python.py:173} INFO - Done. Returned value was: accurate
[2022-06-11 20:35:27,518] {skipmixin.py:140} INFO - Following branch accurate
[2022-06-11 20:35:27,519] {skipmixin.py:175} INFO - Skipping tasks ['inaccurate']
[2022-06-11 20:35:27,795] {taskinstance.py:1396} INFO - Marking task as SUCCESS. dag_id=xcom_dag, task_id=is_accurate, execution_date=20220611T203512, start_date=20220611T203525, end_date=20220611T203527
[2022-06-11 20:35:27,850] {local_task_job.py:156} INFO - Task exited with return code 0
[2022-06-11 20:35:28,215] {local_task_job.py:273} INFO - 1 downstream tasks scheduled from follow-on schedule check
