[2022-06-11 14:37:45,399] {taskinstance.py:1160} INFO - Dependencies all met for <TaskInstance: parallel_dag.task_4 scheduled__2022-06-10T00:00:00+00:00 [queued]>
[2022-06-11 14:37:45,415] {taskinstance.py:1160} INFO - Dependencies all met for <TaskInstance: parallel_dag.task_4 scheduled__2022-06-10T00:00:00+00:00 [queued]>
[2022-06-11 14:37:45,415] {taskinstance.py:1357} INFO - 
--------------------------------------------------------------------------------
[2022-06-11 14:37:45,415] {taskinstance.py:1358} INFO - Starting attempt 1 of 1
[2022-06-11 14:37:45,415] {taskinstance.py:1359} INFO - 
--------------------------------------------------------------------------------
[2022-06-11 14:37:45,436] {taskinstance.py:1378} INFO - Executing <Task(BashOperator): task_4> on 2022-06-10 00:00:00+00:00
[2022-06-11 14:37:45,441] {standard_task_runner.py:52} INFO - Started process 3939 to run task
[2022-06-11 14:37:45,448] {standard_task_runner.py:79} INFO - Running: ['airflow', 'tasks', 'run', 'parallel_dag', 'task_4', 'scheduled__2022-06-10T00:00:00+00:00', '--job-id', '16', '--raw', '--subdir', 'DAGS_FOLDER/parallel_dag.py', '--cfg-path', '/tmp/tmpe13is5fc', '--error-file', '/tmp/tmpqaoor_f2']
[2022-06-11 14:37:45,449] {standard_task_runner.py:80} INFO - Job 16: Subtask task_4
[2022-06-11 14:37:45,596] {task_command.py:370} INFO - Running <TaskInstance: parallel_dag.task_4 scheduled__2022-06-10T00:00:00+00:00 [running]> on host airflowvm
[2022-06-11 14:37:45,760] {taskinstance.py:1570} INFO - Exporting the following env vars:
AIRFLOW_CTX_DAG_OWNER=airflow
AIRFLOW_CTX_DAG_ID=parallel_dag
AIRFLOW_CTX_TASK_ID=task_4
AIRFLOW_CTX_EXECUTION_DATE=2022-06-10T00:00:00+00:00
AIRFLOW_CTX_TRY_NUMBER=1
AIRFLOW_CTX_DAG_RUN_ID=scheduled__2022-06-10T00:00:00+00:00
[2022-06-11 14:37:45,762] {subprocess.py:62} INFO - Tmp dir root location: 
 /tmp
[2022-06-11 14:37:45,762] {subprocess.py:74} INFO - Running command: ['bash', '-c', 'sleep 3']
[2022-06-11 14:37:45,772] {subprocess.py:85} INFO - Output:
[2022-06-11 14:37:48,774] {subprocess.py:96} INFO - Command exited with return code 0
[2022-06-11 14:37:48,819] {taskinstance.py:1396} INFO - Marking task as SUCCESS. dag_id=parallel_dag, task_id=task_4, execution_date=20220610T000000, start_date=20220611T143745, end_date=20220611T143748
[2022-06-11 14:37:48,850] {local_task_job.py:156} INFO - Task exited with return code 0
[2022-06-11 14:37:48,903] {local_task_job.py:273} INFO - 0 downstream tasks scheduled from follow-on schedule check
[2022-06-11 17:43:45,540] {taskinstance.py:1160} INFO - Dependencies all met for <TaskInstance: parallel_dag.task_4 scheduled__2022-06-10T00:00:00+00:00 [queued]>
[2022-06-11 17:43:45,578] {taskinstance.py:1160} INFO - Dependencies all met for <TaskInstance: parallel_dag.task_4 scheduled__2022-06-10T00:00:00+00:00 [queued]>
[2022-06-11 17:43:45,579] {taskinstance.py:1357} INFO - 
--------------------------------------------------------------------------------
[2022-06-11 17:43:45,579] {taskinstance.py:1358} INFO - Starting attempt 1 of 1
[2022-06-11 17:43:45,579] {taskinstance.py:1359} INFO - 
--------------------------------------------------------------------------------
[2022-06-11 17:43:45,626] {taskinstance.py:1378} INFO - Executing <Task(BashOperator): task_4> on 2022-06-10 00:00:00+00:00
[2022-06-11 17:43:45,634] {standard_task_runner.py:52} INFO - Started process 92418 to run task
[2022-06-11 17:43:45,639] {standard_task_runner.py:79} INFO - Running: ['airflow', 'tasks', 'run', 'parallel_dag', 'task_4', 'scheduled__2022-06-10T00:00:00+00:00', '--job-id', '21', '--raw', '--subdir', 'DAGS_FOLDER/parallel_dag.py', '--cfg-path', '/tmp/tmpoj8lilji', '--error-file', '/tmp/tmpmyyfzafr']
[2022-06-11 17:43:45,642] {standard_task_runner.py:80} INFO - Job 21: Subtask task_4
[2022-06-11 17:43:45,889] {task_command.py:370} INFO - Running <TaskInstance: parallel_dag.task_4 scheduled__2022-06-10T00:00:00+00:00 [running]> on host airflowvm
[2022-06-11 17:43:46,221] {taskinstance.py:1570} INFO - Exporting the following env vars:
AIRFLOW_CTX_DAG_OWNER=airflow
AIRFLOW_CTX_DAG_ID=parallel_dag
AIRFLOW_CTX_TASK_ID=task_4
AIRFLOW_CTX_EXECUTION_DATE=2022-06-10T00:00:00+00:00
AIRFLOW_CTX_TRY_NUMBER=1
AIRFLOW_CTX_DAG_RUN_ID=scheduled__2022-06-10T00:00:00+00:00
[2022-06-11 17:43:46,225] {subprocess.py:62} INFO - Tmp dir root location: 
 /tmp
[2022-06-11 17:43:46,225] {subprocess.py:74} INFO - Running command: ['bash', '-c', 'sleep 3']
[2022-06-11 17:43:46,245] {subprocess.py:85} INFO - Output:
[2022-06-11 17:43:49,280] {subprocess.py:96} INFO - Command exited with return code 0
[2022-06-11 17:43:49,335] {taskinstance.py:1396} INFO - Marking task as SUCCESS. dag_id=parallel_dag, task_id=task_4, execution_date=20220610T000000, start_date=20220611T174345, end_date=20220611T174349
[2022-06-11 17:43:49,398] {local_task_job.py:156} INFO - Task exited with return code 0
[2022-06-11 17:43:49,483] {local_task_job.py:273} INFO - 0 downstream tasks scheduled from follow-on schedule check
