[2022-06-04 18:55:07,154] {taskinstance.py:1160} INFO - Dependencies all met for <TaskInstance: parallel_dag.task_3 manual__2022-06-04T18:54:56.996236+00:00 [queued]>
[2022-06-04 18:55:07,273] {taskinstance.py:1160} INFO - Dependencies all met for <TaskInstance: parallel_dag.task_3 manual__2022-06-04T18:54:56.996236+00:00 [queued]>
[2022-06-04 18:55:07,275] {taskinstance.py:1357} INFO - 
--------------------------------------------------------------------------------
[2022-06-04 18:55:07,279] {taskinstance.py:1358} INFO - Starting attempt 1 of 1
[2022-06-04 18:55:07,279] {taskinstance.py:1359} INFO - 
--------------------------------------------------------------------------------
[2022-06-04 18:55:07,354] {taskinstance.py:1378} INFO - Executing <Task(BashOperator): task_3> on 2022-06-04 18:54:56.996236+00:00
[2022-06-04 18:55:07,374] {standard_task_runner.py:52} INFO - Started process 37070 to run task
[2022-06-04 18:55:07,474] {standard_task_runner.py:79} INFO - Running: ['airflow', 'tasks', 'run', 'parallel_dag', 'task_3', 'manual__2022-06-04T18:54:56.996236+00:00', '--job-id', '8', '--raw', '--subdir', 'DAGS_FOLDER/parallel_dag.py', '--cfg-path', '/tmp/tmpnbx0ea1q', '--error-file', '/tmp/tmp6buk9jvm']
[2022-06-04 18:55:07,475] {standard_task_runner.py:80} INFO - Job 8: Subtask task_3
[2022-06-04 18:55:08,010] {task_command.py:370} INFO - Running <TaskInstance: parallel_dag.task_3 manual__2022-06-04T18:54:56.996236+00:00 [running]> on host airflowvm
[2022-06-04 18:55:08,484] {taskinstance.py:1570} INFO - Exporting the following env vars:
AIRFLOW_CTX_DAG_OWNER=airflow
AIRFLOW_CTX_DAG_ID=parallel_dag
AIRFLOW_CTX_TASK_ID=task_3
AIRFLOW_CTX_EXECUTION_DATE=2022-06-04T18:54:56.996236+00:00
AIRFLOW_CTX_TRY_NUMBER=1
AIRFLOW_CTX_DAG_RUN_ID=manual__2022-06-04T18:54:56.996236+00:00
[2022-06-04 18:55:08,498] {subprocess.py:62} INFO - Tmp dir root location: 
 /tmp
[2022-06-04 18:55:08,502] {subprocess.py:74} INFO - Running command: ['bash', '-c', 'sleep 3']
[2022-06-04 18:55:08,540] {subprocess.py:85} INFO - Output:
[2022-06-04 18:55:11,569] {subprocess.py:96} INFO - Command exited with return code 0
[2022-06-04 18:55:11,674] {taskinstance.py:1396} INFO - Marking task as SUCCESS. dag_id=parallel_dag, task_id=task_3, execution_date=20220604T185456, start_date=20220604T185507, end_date=20220604T185511
[2022-06-04 18:55:11,776] {local_task_job.py:156} INFO - Task exited with return code 0
[2022-06-04 18:55:11,979] {local_task_job.py:273} INFO - 0 downstream tasks scheduled from follow-on schedule check
