[2022-06-11 18:37:09,289] {taskinstance.py:1160} INFO - Dependencies all met for <TaskInstance: xcom_dag.task_4 manual__2022-06-11T18:36:58.645773+00:00 [queued]>
[2022-06-11 18:37:09,314] {taskinstance.py:1160} INFO - Dependencies all met for <TaskInstance: xcom_dag.task_4 manual__2022-06-11T18:36:58.645773+00:00 [queued]>
[2022-06-11 18:37:09,314] {taskinstance.py:1357} INFO - 
--------------------------------------------------------------------------------
[2022-06-11 18:37:09,314] {taskinstance.py:1358} INFO - Starting attempt 1 of 1
[2022-06-11 18:37:09,314] {taskinstance.py:1359} INFO - 
--------------------------------------------------------------------------------
[2022-06-11 18:37:09,333] {taskinstance.py:1378} INFO - Executing <Task(PythonOperator): task_4> on 2022-06-11 18:36:58.645773+00:00
[2022-06-11 18:37:09,340] {standard_task_runner.py:52} INFO - Started process 115184 to run task
[2022-06-11 18:37:09,345] {standard_task_runner.py:79} INFO - Running: ['airflow', 'tasks', 'run', 'xcom_dag', 'task_4', 'manual__2022-06-11T18:36:58.645773+00:00', '--job-id', '32', '--raw', '--subdir', 'DAGS_FOLDER/xcom_dag.py', '--cfg-path', '/tmp/tmpxded3huh', '--error-file', '/tmp/tmpuoygb8dv']
[2022-06-11 18:37:09,346] {standard_task_runner.py:80} INFO - Job 32: Subtask task_4
[2022-06-11 18:37:09,588] {task_command.py:370} INFO - Running <TaskInstance: xcom_dag.task_4 manual__2022-06-11T18:36:58.645773+00:00 [running]> on host airflowvm
[2022-06-11 18:37:09,724] {taskinstance.py:1570} INFO - Exporting the following env vars:
AIRFLOW_CTX_DAG_OWNER=airflow
AIRFLOW_CTX_DAG_ID=xcom_dag
AIRFLOW_CTX_TASK_ID=task_4
AIRFLOW_CTX_EXECUTION_DATE=2022-06-11T18:36:58.645773+00:00
AIRFLOW_CTX_TRY_NUMBER=1
AIRFLOW_CTX_DAG_RUN_ID=manual__2022-06-11T18:36:58.645773+00:00
[2022-06-11 18:37:09,726] {logging_mixin.py:115} INFO - choose best model
[2022-06-11 18:37:09,743] {python.py:173} INFO - Done. Returned value was: None
[2022-06-11 18:37:09,762] {taskinstance.py:1396} INFO - Marking task as SUCCESS. dag_id=xcom_dag, task_id=task_4, execution_date=20220611T183658, start_date=20220611T183709, end_date=20220611T183709
[2022-06-11 18:37:09,931] {local_task_job.py:156} INFO - Task exited with return code 0
[2022-06-11 18:37:10,004] {local_task_job.py:273} INFO - 0 downstream tasks scheduled from follow-on schedule check
