[2022-06-11 20:31:56,010] {taskinstance.py:1160} INFO - Dependencies all met for <TaskInstance: xcom_dag.is_accurate manual__2022-06-11T20:31:43.659005+00:00 [queued]>
[2022-06-11 20:31:56,067] {taskinstance.py:1160} INFO - Dependencies all met for <TaskInstance: xcom_dag.is_accurate manual__2022-06-11T20:31:43.659005+00:00 [queued]>
[2022-06-11 20:31:56,069] {taskinstance.py:1357} INFO - 
--------------------------------------------------------------------------------
[2022-06-11 20:31:56,069] {taskinstance.py:1358} INFO - Starting attempt 1 of 1
[2022-06-11 20:31:56,070] {taskinstance.py:1359} INFO - 
--------------------------------------------------------------------------------
[2022-06-11 20:31:56,174] {taskinstance.py:1378} INFO - Executing <Task(BranchPythonOperator): is_accurate> on 2022-06-11 20:31:43.659005+00:00
[2022-06-11 20:31:56,180] {standard_task_runner.py:52} INFO - Started process 125598 to run task
[2022-06-11 20:31:56,184] {standard_task_runner.py:79} INFO - Running: ['airflow', 'tasks', 'run', 'xcom_dag', 'is_accurate', 'manual__2022-06-11T20:31:43.659005+00:00', '--job-id', '38', '--raw', '--subdir', 'DAGS_FOLDER/xcom_dag.py', '--cfg-path', '/tmp/tmpptdazslo', '--error-file', '/tmp/tmp94tu2t9n']
[2022-06-11 20:31:56,186] {standard_task_runner.py:80} INFO - Job 38: Subtask is_accurate
[2022-06-11 20:31:56,328] {task_command.py:370} INFO - Running <TaskInstance: xcom_dag.is_accurate manual__2022-06-11T20:31:43.659005+00:00 [running]> on host airflowvm
[2022-06-11 20:31:56,470] {taskinstance.py:1570} INFO - Exporting the following env vars:
AIRFLOW_CTX_DAG_OWNER=airflow
AIRFLOW_CTX_DAG_ID=xcom_dag
AIRFLOW_CTX_TASK_ID=is_accurate
AIRFLOW_CTX_EXECUTION_DATE=2022-06-11T20:31:43.659005+00:00
AIRFLOW_CTX_TRY_NUMBER=1
AIRFLOW_CTX_DAG_RUN_ID=manual__2022-06-11T20:31:43.659005+00:00
[2022-06-11 20:31:56,473] {python.py:173} INFO - Done. Returned value was: None
[2022-06-11 20:31:56,474] {skipmixin.py:140} INFO - Following branch None
[2022-06-11 20:31:56,475] {skipmixin.py:175} INFO - Skipping tasks ['accurate', 'inaccurate']
[2022-06-11 20:31:56,552] {taskinstance.py:1396} INFO - Marking task as SUCCESS. dag_id=xcom_dag, task_id=is_accurate, execution_date=20220611T203143, start_date=20220611T203156, end_date=20220611T203156
[2022-06-11 20:31:56,596] {local_task_job.py:156} INFO - Task exited with return code 0
[2022-06-11 20:31:56,649] {local_task_job.py:273} INFO - 0 downstream tasks scheduled from follow-on schedule check
