[2022-06-11 14:37:33,950] {taskinstance.py:1160} INFO - Dependencies all met for <TaskInstance: parallel_dag.task_1 scheduled__2022-06-10T00:00:00+00:00 [queued]>
[2022-06-11 14:37:33,962] {taskinstance.py:1160} INFO - Dependencies all met for <TaskInstance: parallel_dag.task_1 scheduled__2022-06-10T00:00:00+00:00 [queued]>
[2022-06-11 14:37:33,963] {taskinstance.py:1357} INFO - 
--------------------------------------------------------------------------------
[2022-06-11 14:37:33,963] {taskinstance.py:1358} INFO - Starting attempt 1 of 1
[2022-06-11 14:37:33,963] {taskinstance.py:1359} INFO - 
--------------------------------------------------------------------------------
[2022-06-11 14:37:33,983] {taskinstance.py:1378} INFO - Executing <Task(BashOperator): task_1> on 2022-06-10 00:00:00+00:00
[2022-06-11 14:37:33,989] {standard_task_runner.py:52} INFO - Started process 3442 to run task
[2022-06-11 14:37:33,994] {standard_task_runner.py:79} INFO - Running: ['airflow', 'tasks', 'run', 'parallel_dag', 'task_1', 'scheduled__2022-06-10T00:00:00+00:00', '--job-id', '13', '--raw', '--subdir', 'DAGS_FOLDER/parallel_dag.py', '--cfg-path', '/tmp/tmppl3hr579', '--error-file', '/tmp/tmp1ntqhwek']
[2022-06-11 14:37:33,995] {standard_task_runner.py:80} INFO - Job 13: Subtask task_1
[2022-06-11 14:37:34,108] {task_command.py:370} INFO - Running <TaskInstance: parallel_dag.task_1 scheduled__2022-06-10T00:00:00+00:00 [running]> on host airflowvm
[2022-06-11 14:37:34,254] {taskinstance.py:1570} INFO - Exporting the following env vars:
AIRFLOW_CTX_DAG_OWNER=airflow
AIRFLOW_CTX_DAG_ID=parallel_dag
AIRFLOW_CTX_TASK_ID=task_1
AIRFLOW_CTX_EXECUTION_DATE=2022-06-10T00:00:00+00:00
AIRFLOW_CTX_TRY_NUMBER=1
AIRFLOW_CTX_DAG_RUN_ID=scheduled__2022-06-10T00:00:00+00:00
[2022-06-11 14:37:34,256] {subprocess.py:62} INFO - Tmp dir root location: 
 /tmp
[2022-06-11 14:37:34,257] {subprocess.py:74} INFO - Running command: ['bash', '-c', 'sleep 3']
[2022-06-11 14:37:34,269] {subprocess.py:85} INFO - Output:
[2022-06-11 14:37:37,277] {subprocess.py:96} INFO - Command exited with return code 0
[2022-06-11 14:37:37,345] {taskinstance.py:1396} INFO - Marking task as SUCCESS. dag_id=parallel_dag, task_id=task_1, execution_date=20220610T000000, start_date=20220611T143733, end_date=20220611T143737
[2022-06-11 14:37:37,450] {local_task_job.py:156} INFO - Task exited with return code 0
[2022-06-11 14:37:37,554] {local_task_job.py:273} INFO - 2 downstream tasks scheduled from follow-on schedule check
[2022-06-11 17:41:44,905] {taskinstance.py:1160} INFO - Dependencies all met for <TaskInstance: parallel_dag.task_1 scheduled__2022-06-10T00:00:00+00:00 [queued]>
[2022-06-11 17:41:44,930] {taskinstance.py:1160} INFO - Dependencies all met for <TaskInstance: parallel_dag.task_1 scheduled__2022-06-10T00:00:00+00:00 [queued]>
[2022-06-11 17:41:44,930] {taskinstance.py:1357} INFO - 
--------------------------------------------------------------------------------
[2022-06-11 17:41:44,930] {taskinstance.py:1358} INFO - Starting attempt 1 of 1
[2022-06-11 17:41:44,931] {taskinstance.py:1359} INFO - 
--------------------------------------------------------------------------------
[2022-06-11 17:41:44,956] {taskinstance.py:1378} INFO - Executing <Task(BashOperator): task_1> on 2022-06-10 00:00:00+00:00
[2022-06-11 17:41:44,963] {standard_task_runner.py:52} INFO - Started process 89893 to run task
[2022-06-11 17:41:44,970] {standard_task_runner.py:79} INFO - Running: ['airflow', 'tasks', 'run', 'parallel_dag', 'task_1', 'scheduled__2022-06-10T00:00:00+00:00', '--job-id', '17', '--raw', '--subdir', 'DAGS_FOLDER/parallel_dag.py', '--cfg-path', '/tmp/tmpx1kzjxc6', '--error-file', '/tmp/tmp8umjcbe7']
[2022-06-11 17:41:44,971] {standard_task_runner.py:80} INFO - Job 17: Subtask task_1
[2022-06-11 17:41:45,090] {task_command.py:370} INFO - Running <TaskInstance: parallel_dag.task_1 scheduled__2022-06-10T00:00:00+00:00 [running]> on host airflowvm
[2022-06-11 17:41:45,892] {taskinstance.py:1570} INFO - Exporting the following env vars:
AIRFLOW_CTX_DAG_OWNER=airflow
AIRFLOW_CTX_DAG_ID=parallel_dag
AIRFLOW_CTX_TASK_ID=task_1
AIRFLOW_CTX_EXECUTION_DATE=2022-06-10T00:00:00+00:00
AIRFLOW_CTX_TRY_NUMBER=1
AIRFLOW_CTX_DAG_RUN_ID=scheduled__2022-06-10T00:00:00+00:00
[2022-06-11 17:41:45,898] {subprocess.py:62} INFO - Tmp dir root location: 
 /tmp
[2022-06-11 17:41:45,899] {subprocess.py:74} INFO - Running command: ['bash', '-c', 'sleep 3']
[2022-06-11 17:41:45,931] {subprocess.py:85} INFO - Output:
[2022-06-11 17:41:48,942] {subprocess.py:96} INFO - Command exited with return code 0
[2022-06-11 17:41:49,019] {taskinstance.py:1396} INFO - Marking task as SUCCESS. dag_id=parallel_dag, task_id=task_1, execution_date=20220610T000000, start_date=20220611T174144, end_date=20220611T174149
[2022-06-11 17:41:49,070] {local_task_job.py:156} INFO - Task exited with return code 0
[2022-06-11 17:41:49,156] {local_task_job.py:273} INFO - 1 downstream tasks scheduled from follow-on schedule check
