[2022-06-04 13:48:15,962] {taskinstance.py:1160} INFO - Dependencies all met for <TaskInstance: parallel_dag.task_4 scheduled__2022-06-03T00:00:00+00:00 [queued]>
[2022-06-04 13:48:15,967] {taskinstance.py:1160} INFO - Dependencies all met for <TaskInstance: parallel_dag.task_4 scheduled__2022-06-03T00:00:00+00:00 [queued]>
[2022-06-04 13:48:15,967] {taskinstance.py:1357} INFO - 
--------------------------------------------------------------------------------
[2022-06-04 13:48:15,968] {taskinstance.py:1358} INFO - Starting attempt 1 of 1
[2022-06-04 13:48:15,968] {taskinstance.py:1359} INFO - 
--------------------------------------------------------------------------------
[2022-06-04 13:48:16,006] {taskinstance.py:1378} INFO - Executing <Task(BashOperator): task_4> on 2022-06-03 00:00:00+00:00
[2022-06-04 13:48:16,008] {standard_task_runner.py:52} INFO - Started process 5737 to run task
[2022-06-04 13:48:16,016] {standard_task_runner.py:79} INFO - Running: ['airflow', 'tasks', 'run', 'parallel_dag', 'task_4', 'scheduled__2022-06-03T00:00:00+00:00', '--job-id', '11', '--raw', '--subdir', 'DAGS_FOLDER/parallel_dag.py', '--cfg-path', '/tmp/tmpbg5eib8_', '--error-file', '/tmp/tmpptd0c6hs']
[2022-06-04 13:48:16,017] {standard_task_runner.py:80} INFO - Job 11: Subtask task_4
[2022-06-04 13:48:16,092] {task_command.py:370} INFO - Running <TaskInstance: parallel_dag.task_4 scheduled__2022-06-03T00:00:00+00:00 [running]> on host airflowvm
[2022-06-04 13:48:16,216] {taskinstance.py:1570} INFO - Exporting the following env vars:
AIRFLOW_CTX_DAG_OWNER=airflow
AIRFLOW_CTX_DAG_ID=parallel_dag
AIRFLOW_CTX_TASK_ID=task_4
AIRFLOW_CTX_EXECUTION_DATE=2022-06-03T00:00:00+00:00
AIRFLOW_CTX_TRY_NUMBER=1
AIRFLOW_CTX_DAG_RUN_ID=scheduled__2022-06-03T00:00:00+00:00
[2022-06-04 13:48:16,217] {subprocess.py:62} INFO - Tmp dir root location: 
 /tmp
[2022-06-04 13:48:16,231] {subprocess.py:74} INFO - Running command: ['bash', '-c', 'sleep 3']
[2022-06-04 13:48:16,260] {subprocess.py:85} INFO - Output:
[2022-06-04 13:48:19,263] {subprocess.py:96} INFO - Command exited with return code 0
[2022-06-04 13:48:19,305] {taskinstance.py:1396} INFO - Marking task as SUCCESS. dag_id=parallel_dag, task_id=task_4, execution_date=20220603T000000, start_date=20220604T134815, end_date=20220604T134819
[2022-06-04 13:48:19,397] {local_task_job.py:156} INFO - Task exited with return code 0
[2022-06-04 13:48:19,446] {local_task_job.py:273} INFO - 0 downstream tasks scheduled from follow-on schedule check
[2022-06-04 14:40:00,711] {taskinstance.py:1160} INFO - Dependencies all met for <TaskInstance: parallel_dag.task_4 scheduled__2022-06-03T00:00:00+00:00 [queued]>
[2022-06-04 14:40:00,726] {taskinstance.py:1160} INFO - Dependencies all met for <TaskInstance: parallel_dag.task_4 scheduled__2022-06-03T00:00:00+00:00 [queued]>
[2022-06-04 14:40:00,726] {taskinstance.py:1357} INFO - 
--------------------------------------------------------------------------------
[2022-06-04 14:40:00,726] {taskinstance.py:1358} INFO - Starting attempt 1 of 1
[2022-06-04 14:40:00,726] {taskinstance.py:1359} INFO - 
--------------------------------------------------------------------------------
[2022-06-04 14:40:00,743] {taskinstance.py:1378} INFO - Executing <Task(BashOperator): task_4> on 2022-06-03 00:00:00+00:00
[2022-06-04 14:40:00,747] {standard_task_runner.py:52} INFO - Started process 18087 to run task
[2022-06-04 14:40:00,755] {standard_task_runner.py:79} INFO - Running: ['airflow', 'tasks', 'run', 'parallel_dag', 'task_4', 'scheduled__2022-06-03T00:00:00+00:00', '--job-id', '5', '--raw', '--subdir', 'DAGS_FOLDER/parallel_dag.py', '--cfg-path', '/tmp/tmp1dgyv2z5', '--error-file', '/tmp/tmpoccn9m6m']
[2022-06-04 14:40:00,757] {standard_task_runner.py:80} INFO - Job 5: Subtask task_4
[2022-06-04 14:40:01,020] {task_command.py:370} INFO - Running <TaskInstance: parallel_dag.task_4 scheduled__2022-06-03T00:00:00+00:00 [running]> on host airflowvm
[2022-06-04 14:40:01,233] {taskinstance.py:1570} INFO - Exporting the following env vars:
AIRFLOW_CTX_DAG_OWNER=airflow
AIRFLOW_CTX_DAG_ID=parallel_dag
AIRFLOW_CTX_TASK_ID=task_4
AIRFLOW_CTX_EXECUTION_DATE=2022-06-03T00:00:00+00:00
AIRFLOW_CTX_TRY_NUMBER=1
AIRFLOW_CTX_DAG_RUN_ID=scheduled__2022-06-03T00:00:00+00:00
[2022-06-04 14:40:01,237] {subprocess.py:62} INFO - Tmp dir root location: 
 /tmp
[2022-06-04 14:40:01,239] {subprocess.py:74} INFO - Running command: ['bash', '-c', 'sleep 3']
[2022-06-04 14:40:01,249] {subprocess.py:85} INFO - Output:
[2022-06-04 14:40:04,253] {subprocess.py:96} INFO - Command exited with return code 0
[2022-06-04 14:40:04,326] {taskinstance.py:1396} INFO - Marking task as SUCCESS. dag_id=parallel_dag, task_id=task_4, execution_date=20220603T000000, start_date=20220604T144000, end_date=20220604T144004
[2022-06-04 14:40:04,362] {local_task_job.py:156} INFO - Task exited with return code 0
[2022-06-04 14:40:04,423] {local_task_job.py:273} INFO - 0 downstream tasks scheduled from follow-on schedule check
