[2022-06-11 14:37:39,674] {taskinstance.py:1160} INFO - Dependencies all met for <TaskInstance: parallel_dag.task_2 scheduled__2022-06-10T00:00:00+00:00 [queued]>
[2022-06-11 14:37:39,699] {taskinstance.py:1160} INFO - Dependencies all met for <TaskInstance: parallel_dag.task_2 scheduled__2022-06-10T00:00:00+00:00 [queued]>
[2022-06-11 14:37:39,699] {taskinstance.py:1357} INFO - 
--------------------------------------------------------------------------------
[2022-06-11 14:37:39,699] {taskinstance.py:1358} INFO - Starting attempt 1 of 1
[2022-06-11 14:37:39,699] {taskinstance.py:1359} INFO - 
--------------------------------------------------------------------------------
[2022-06-11 14:37:39,755] {taskinstance.py:1378} INFO - Executing <Task(BashOperator): task_2> on 2022-06-10 00:00:00+00:00
[2022-06-11 14:37:39,765] {standard_task_runner.py:52} INFO - Started process 3653 to run task
[2022-06-11 14:37:39,790] {standard_task_runner.py:79} INFO - Running: ['airflow', 'tasks', 'run', 'parallel_dag', 'task_2', 'scheduled__2022-06-10T00:00:00+00:00', '--job-id', '15', '--raw', '--subdir', 'DAGS_FOLDER/parallel_dag.py', '--cfg-path', '/tmp/tmps7dwqoed', '--error-file', '/tmp/tmpvoieaghk']
[2022-06-11 14:37:39,792] {standard_task_runner.py:80} INFO - Job 15: Subtask task_2
[2022-06-11 14:37:40,115] {task_command.py:370} INFO - Running <TaskInstance: parallel_dag.task_2 scheduled__2022-06-10T00:00:00+00:00 [running]> on host airflowvm
[2022-06-11 14:37:40,540] {taskinstance.py:1570} INFO - Exporting the following env vars:
AIRFLOW_CTX_DAG_OWNER=airflow
AIRFLOW_CTX_DAG_ID=parallel_dag
AIRFLOW_CTX_TASK_ID=task_2
AIRFLOW_CTX_EXECUTION_DATE=2022-06-10T00:00:00+00:00
AIRFLOW_CTX_TRY_NUMBER=1
AIRFLOW_CTX_DAG_RUN_ID=scheduled__2022-06-10T00:00:00+00:00
[2022-06-11 14:37:40,543] {subprocess.py:62} INFO - Tmp dir root location: 
 /tmp
[2022-06-11 14:37:40,550] {subprocess.py:74} INFO - Running command: ['bash', '-c', 'sleep 3']
[2022-06-11 14:37:40,565] {subprocess.py:85} INFO - Output:
[2022-06-11 14:37:43,569] {subprocess.py:96} INFO - Command exited with return code 0
[2022-06-11 14:37:43,661] {taskinstance.py:1396} INFO - Marking task as SUCCESS. dag_id=parallel_dag, task_id=task_2, execution_date=20220610T000000, start_date=20220611T143739, end_date=20220611T143743
[2022-06-11 14:37:43,697] {local_task_job.py:156} INFO - Task exited with return code 0
[2022-06-11 14:37:43,783] {local_task_job.py:273} INFO - 1 downstream tasks scheduled from follow-on schedule check
