[2022-06-11 20:32:54,380] {taskinstance.py:1160} INFO - Dependencies all met for <TaskInstance: xcom_dag.processing_tasks.training_model_c scheduled__2022-06-10T00:00:00+00:00 [queued]>
[2022-06-11 20:32:54,392] {taskinstance.py:1160} INFO - Dependencies all met for <TaskInstance: xcom_dag.processing_tasks.training_model_c scheduled__2022-06-10T00:00:00+00:00 [queued]>
[2022-06-11 20:32:54,392] {taskinstance.py:1357} INFO - 
--------------------------------------------------------------------------------
[2022-06-11 20:32:54,393] {taskinstance.py:1358} INFO - Starting attempt 1 of 1
[2022-06-11 20:32:54,393] {taskinstance.py:1359} INFO - 
--------------------------------------------------------------------------------
[2022-06-11 20:32:54,412] {taskinstance.py:1378} INFO - Executing <Task(PythonOperator): processing_tasks.training_model_c> on 2022-06-10 00:00:00+00:00
[2022-06-11 20:32:54,424] {standard_task_runner.py:52} INFO - Started process 126381 to run task
[2022-06-11 20:32:54,429] {standard_task_runner.py:79} INFO - Running: ['airflow', 'tasks', 'run', 'xcom_dag', 'processing_tasks.training_model_c', 'scheduled__2022-06-10T00:00:00+00:00', '--job-id', '41', '--raw', '--subdir', 'DAGS_FOLDER/xcom_dag.py', '--cfg-path', '/tmp/tmp2muakuyf', '--error-file', '/tmp/tmpp4wq9cp2']
[2022-06-11 20:32:54,432] {standard_task_runner.py:80} INFO - Job 41: Subtask processing_tasks.training_model_c
[2022-06-11 20:32:54,681] {task_command.py:370} INFO - Running <TaskInstance: xcom_dag.processing_tasks.training_model_c scheduled__2022-06-10T00:00:00+00:00 [running]> on host airflowvm
[2022-06-11 20:32:54,917] {taskinstance.py:1570} INFO - Exporting the following env vars:
AIRFLOW_CTX_DAG_OWNER=airflow
AIRFLOW_CTX_DAG_ID=xcom_dag
AIRFLOW_CTX_TASK_ID=processing_tasks.training_model_c
AIRFLOW_CTX_EXECUTION_DATE=2022-06-10T00:00:00+00:00
AIRFLOW_CTX_TRY_NUMBER=1
AIRFLOW_CTX_DAG_RUN_ID=scheduled__2022-06-10T00:00:00+00:00
[2022-06-11 20:32:54,921] {logging_mixin.py:115} INFO - model's accuracy: 2.987802932494971
[2022-06-11 20:32:54,981] {python.py:173} INFO - Done. Returned value was: None
[2022-06-11 20:32:55,027] {taskinstance.py:1396} INFO - Marking task as SUCCESS. dag_id=xcom_dag, task_id=processing_tasks.training_model_c, execution_date=20220610T000000, start_date=20220611T203254, end_date=20220611T203255
[2022-06-11 20:32:55,072] {local_task_job.py:156} INFO - Task exited with return code 0
[2022-06-11 20:32:55,267] {local_task_job.py:273} INFO - 0 downstream tasks scheduled from follow-on schedule check
[2022-06-11 20:33:56,543] {taskinstance.py:1160} INFO - Dependencies all met for <TaskInstance: xcom_dag.processing_tasks.training_model_c scheduled__2022-06-10T00:00:00+00:00 [queued]>
[2022-06-11 20:33:56,574] {taskinstance.py:1160} INFO - Dependencies all met for <TaskInstance: xcom_dag.processing_tasks.training_model_c scheduled__2022-06-10T00:00:00+00:00 [queued]>
[2022-06-11 20:33:56,575] {taskinstance.py:1357} INFO - 
--------------------------------------------------------------------------------
[2022-06-11 20:33:56,575] {taskinstance.py:1358} INFO - Starting attempt 1 of 1
[2022-06-11 20:33:56,575] {taskinstance.py:1359} INFO - 
--------------------------------------------------------------------------------
[2022-06-11 20:33:56,623] {taskinstance.py:1378} INFO - Executing <Task(PythonOperator): processing_tasks.training_model_c> on 2022-06-10 00:00:00+00:00
[2022-06-11 20:33:56,634] {standard_task_runner.py:52} INFO - Started process 127646 to run task
[2022-06-11 20:33:56,645] {standard_task_runner.py:79} INFO - Running: ['airflow', 'tasks', 'run', 'xcom_dag', 'processing_tasks.training_model_c', 'scheduled__2022-06-10T00:00:00+00:00', '--job-id', '51', '--raw', '--subdir', 'DAGS_FOLDER/xcom_dag.py', '--cfg-path', '/tmp/tmpx5ab0ex0', '--error-file', '/tmp/tmp1_tn0zcc']
[2022-06-11 20:33:56,649] {standard_task_runner.py:80} INFO - Job 51: Subtask processing_tasks.training_model_c
[2022-06-11 20:33:57,065] {task_command.py:370} INFO - Running <TaskInstance: xcom_dag.processing_tasks.training_model_c scheduled__2022-06-10T00:00:00+00:00 [running]> on host airflowvm
[2022-06-11 20:33:57,382] {taskinstance.py:1570} INFO - Exporting the following env vars:
AIRFLOW_CTX_DAG_OWNER=airflow
AIRFLOW_CTX_DAG_ID=xcom_dag
AIRFLOW_CTX_TASK_ID=processing_tasks.training_model_c
AIRFLOW_CTX_EXECUTION_DATE=2022-06-10T00:00:00+00:00
AIRFLOW_CTX_TRY_NUMBER=1
AIRFLOW_CTX_DAG_RUN_ID=scheduled__2022-06-10T00:00:00+00:00
[2022-06-11 20:33:57,384] {logging_mixin.py:115} INFO - model's accuracy: 6.134826018486004
[2022-06-11 20:33:57,836] {python.py:173} INFO - Done. Returned value was: None
[2022-06-11 20:33:57,998] {taskinstance.py:1396} INFO - Marking task as SUCCESS. dag_id=xcom_dag, task_id=processing_tasks.training_model_c, execution_date=20220610T000000, start_date=20220611T203356, end_date=20220611T203357
[2022-06-11 20:33:58,176] {local_task_job.py:156} INFO - Task exited with return code 0
[2022-06-11 20:33:58,381] {local_task_job.py:273} INFO - 0 downstream tasks scheduled from follow-on schedule check
