[2022-06-11 17:42:45,760] {taskinstance.py:1160} INFO - Dependencies all met for <TaskInstance: parallel_dag.processing_tasks.task_3 scheduled__2022-06-10T00:00:00+00:00 [queued]>
[2022-06-11 17:42:45,774] {taskinstance.py:1160} INFO - Dependencies all met for <TaskInstance: parallel_dag.processing_tasks.task_3 scheduled__2022-06-10T00:00:00+00:00 [queued]>
[2022-06-11 17:42:45,775] {taskinstance.py:1357} INFO - 
--------------------------------------------------------------------------------
[2022-06-11 17:42:45,775] {taskinstance.py:1358} INFO - Starting attempt 1 of 1
[2022-06-11 17:42:45,775] {taskinstance.py:1359} INFO - 
--------------------------------------------------------------------------------
[2022-06-11 17:42:45,822] {taskinstance.py:1378} INFO - Executing <Task(BashOperator): task_3> on 2022-06-10 00:00:00+00:00
[2022-06-11 17:42:45,829] {standard_task_runner.py:52} INFO - Started process 91201 to run task
[2022-06-11 17:42:45,846] {standard_task_runner.py:79} INFO - Running: ['airflow', 'tasks', 'run', 'parallel_dag.processing_tasks', 'task_3', 'scheduled__2022-06-10T00:00:00+00:00', '--job-id', '20', '--raw', '--subdir', 'DAGS_FOLDER/parallel_dag.py', '--cfg-path', '/tmp/tmp3w6cz158', '--error-file', '/tmp/tmpufl6zzlx']
[2022-06-11 17:42:45,847] {standard_task_runner.py:80} INFO - Job 20: Subtask task_3
[2022-06-11 17:42:46,241] {task_command.py:370} INFO - Running <TaskInstance: parallel_dag.processing_tasks.task_3 scheduled__2022-06-10T00:00:00+00:00 [running]> on host airflowvm
[2022-06-11 17:42:47,145] {taskinstance.py:1570} INFO - Exporting the following env vars:
AIRFLOW_CTX_DAG_OWNER=airflow
AIRFLOW_CTX_DAG_ID=parallel_dag.processing_tasks
AIRFLOW_CTX_TASK_ID=task_3
AIRFLOW_CTX_EXECUTION_DATE=2022-06-10T00:00:00+00:00
AIRFLOW_CTX_TRY_NUMBER=1
AIRFLOW_CTX_DAG_RUN_ID=scheduled__2022-06-10T00:00:00+00:00
[2022-06-11 17:42:47,148] {subprocess.py:62} INFO - Tmp dir root location: 
 /tmp
[2022-06-11 17:42:47,149] {subprocess.py:74} INFO - Running command: ['bash', '-c', 'sleep 3']
[2022-06-11 17:42:47,167] {subprocess.py:85} INFO - Output:
[2022-06-11 17:42:50,180] {subprocess.py:96} INFO - Command exited with return code 0
[2022-06-11 17:42:50,429] {taskinstance.py:1396} INFO - Marking task as SUCCESS. dag_id=parallel_dag.processing_tasks, task_id=task_3, execution_date=20220610T000000, start_date=20220611T174245, end_date=20220611T174250
[2022-06-11 17:42:50,471] {local_task_job.py:156} INFO - Task exited with return code 0
[2022-06-11 17:42:50,583] {local_task_job.py:273} INFO - 0 downstream tasks scheduled from follow-on schedule check
